This is pdfTeX, Version 3.14159265-2.6-1.40.15 (TeX Live 2015/dev/Debian) (preloaded format=pdflatex 2016.4.2)  13 APR 2016 05:20
entering extended mode
 restricted \write18 enabled.
 %&-line parsing enabled.
**refman
(./refman.tex
LaTeX2e <2014/05/01>
Babel <3.9l> and hyphenation patterns for 2 languages loaded.
(/usr/share/texlive/texmf-dist/tex/latex/base/book.cls
Document Class: book 2014/09/29 v1.4h Standard LaTeX document class
(/usr/share/texlive/texmf-dist/tex/latex/base/bk10.clo
File: bk10.clo 2014/09/29 v1.4h Standard LaTeX file (size option)
)
\c@part=\count79
\c@chapter=\count80
\c@section=\count81
\c@subsection=\count82
\c@subsubsection=\count83
\c@paragraph=\count84
\c@subparagraph=\count85
\c@figure=\count86
\c@table=\count87
\abovecaptionskip=\skip41
\belowcaptionskip=\skip42
\bibindent=\dimen102
)
(/usr/share/texlive/texmf-dist/tex/latex/base/fixltx2e.sty
Package: fixltx2e 2014/09/29 v1.1s fixes to LaTeX
LaTeX Info: Redefining \em on input line 430.
)
(/usr/share/texlive/texmf-dist/tex/latex/tools/calc.sty
Package: calc 2014/10/28 v4.3 Infix arithmetic (KKT,FJ)
\calc@Acount=\count88
\calc@Bcount=\count89
\calc@Adimen=\dimen103
\calc@Bdimen=\dimen104
\calc@Askip=\skip43
\calc@Bskip=\skip44
LaTeX Info: Redefining \setlength on input line 75.
LaTeX Info: Redefining \addtolength on input line 76.
\calc@Ccount=\count90
\calc@Cskip=\skip45
) (./doxygen.sty
Package: doxygen 

(/usr/share/texlive/texmf-dist/tex/latex/base/alltt.sty
Package: alltt 1997/06/16 v2.0g defines alltt environment
)
(/usr/share/texlive/texmf-dist/tex/latex/tools/array.sty
Package: array 2014/10/28 v2.4c Tabular extension package (FMi)
\col@sep=\dimen105
\extrarowheight=\dimen106
\NC@list=\toks14
\extratabsurround=\skip46
\backup@length=\skip47
)
(/usr/share/texlive/texmf-dist/tex/latex/float/float.sty
Package: float 2001/11/08 v1.3d Float enhancements (AL)
\c@float@type=\count91
\float@exts=\toks15
\float@box=\box26
\@float@everytoks=\toks16
\@floatcapt=\box27
)
(/usr/share/texlive/texmf-dist/tex/latex/base/ifthen.sty
Package: ifthen 2014/09/29 v1.1c Standard LaTeX ifthen package (DPC)
)
(/usr/share/texlive/texmf-dist/tex/latex/tools/verbatim.sty
Package: verbatim 2014/10/28 v1.5q LaTeX2e package for verbatim enhancements
\every@verbatim=\toks17
\verbatim@line=\toks18
\verbatim@in@stream=\read1
)
(/usr/share/texlive/texmf-dist/tex/latex/xcolor/xcolor.sty
Package: xcolor 2007/01/21 v2.11 LaTeX color extensions (UK)

(/usr/share/texlive/texmf-dist/tex/latex/latexconfig/color.cfg
File: color.cfg 2007/01/18 v1.5 color configuration of teTeX/TeXLive
)
Package xcolor Info: Driver file: pdftex.def on input line 225.

(/usr/share/texlive/texmf-dist/tex/latex/pdftex-def/pdftex.def
File: pdftex.def 2011/05/27 v0.06d Graphics/color for pdfTeX

(/usr/share/texlive/texmf-dist/tex/generic/oberdiek/infwarerr.sty
Package: infwarerr 2010/04/08 v1.3 Providing info/warning/error messages (HO)
)
(/usr/share/texlive/texmf-dist/tex/generic/oberdiek/ltxcmds.sty
Package: ltxcmds 2011/11/09 v1.22 LaTeX kernel commands for general use (HO)
)
\Gread@gobject=\count92
)
(/usr/share/texlive/texmf-dist/tex/latex/colortbl/colortbl.sty
Package: colortbl 2012/02/13 v1.0a Color table columns (DPC)
\everycr=\toks19
\minrowclearance=\skip48
)
\rownum=\count93
Package xcolor Info: Model `cmy' substituted by `cmy0' on input line 1337.
Package xcolor Info: Model `hsb' substituted by `rgb' on input line 1341.
Package xcolor Info: Model `RGB' extended on input line 1353.
Package xcolor Info: Model `HTML' substituted by `rgb' on input line 1355.
Package xcolor Info: Model `Hsb' substituted by `hsb' on input line 1356.
Package xcolor Info: Model `tHsb' substituted by `hsb' on input line 1357.
Package xcolor Info: Model `HSB' substituted by `hsb' on input line 1358.
Package xcolor Info: Model `Gray' substituted by `gray' on input line 1359.
Package xcolor Info: Model `wave' substituted by `hsb' on input line 1360.
)
(/usr/share/texlive/texmf-dist/tex/latex/xtab/xtab.sty
Package: xtab 2011/07/31 v2.3f Extended supertabular package
\c@tracingst=\count94
\PWSTcapht=\dimen107
\ST@wd=\dimen108
\ST@rightskip=\skip49
\ST@leftskip=\skip50
\ST@parfillskip=\skip51
\c@PWSTtable=\count95
\PWSTlastpage=\count96
\PWSTpenultimate=\count97
\PWSTcurpage=\count98
\PWSTtempc=\count99
\PWSTlines=\count100
\PWST@lastht=\dimen109
\PWST@generalht=\dimen110
\PWST@ht=\dimen111
\ST@pageleft=\dimen112
\ST@headht=\dimen113
\ST@tailht=\dimen114
\ST@pagesofar=\dimen115
\ST@pboxht=\dimen116
\ST@lineht=\dimen117
\ST@stretchht=\dimen118
\ST@prevht=\dimen119
\ST@toadd=\dimen120
\ST@dimen=\dimen121
\ST@pbox=\box28
)
\xrefbox=\box29
\xreflength=\skip52
\tmplength=\skip53
)
(/usr/share/texlive/texmf-dist/tex/latex/graphics/graphicx.sty
Package: graphicx 2014/04/25 v1.0g Enhanced LaTeX Graphics (DPC,SPQR)

(/usr/share/texlive/texmf-dist/tex/latex/graphics/keyval.sty
Package: keyval 2014/05/08 v1.15 key=value parser (DPC)
\KV@toks@=\toks20
)
(/usr/share/texlive/texmf-dist/tex/latex/graphics/graphics.sty
Package: graphics 2009/02/05 v1.0o Standard LaTeX Graphics (DPC,SPQR)

(/usr/share/texlive/texmf-dist/tex/latex/graphics/trig.sty
Package: trig 1999/03/16 v1.09 sin cos tan (DPC)
)
(/usr/share/texlive/texmf-dist/tex/latex/latexconfig/graphics.cfg
File: graphics.cfg 2010/04/23 v1.9 graphics configuration of TeX Live
)
Package graphics Info: Driver file: pdftex.def on input line 91.
)
\Gin@req@height=\dimen122
\Gin@req@width=\dimen123
)
(/usr/share/texlive/texmf-dist/tex/latex/base/inputenc.sty
Package: inputenc 2014/04/30 v1.2b Input encoding file
\inpenc@prehook=\toks21
\inpenc@posthook=\toks22

(/usr/share/texlive/texmf-dist/tex/latex/base/utf8.def
File: utf8.def 2014/09/29 v1.1m UTF-8 support for inputenc
Now handling font encoding OML ...
... no UTF-8 mapping file for font encoding OML
Now handling font encoding T1 ...
... processing UTF-8 mapping file for font encoding T1

(/usr/share/texlive/texmf-dist/tex/latex/base/t1enc.dfu
File: t1enc.dfu 2014/09/29 v1.1m UTF-8 support for inputenc
   defining Unicode char U+00A1 (decimal 161)
   defining Unicode char U+00A3 (decimal 163)
   defining Unicode char U+00AB (decimal 171)
   defining Unicode char U+00BB (decimal 187)
   defining Unicode char U+00BF (decimal 191)
   defining Unicode char U+00C0 (decimal 192)
   defining Unicode char U+00C1 (decimal 193)
   defining Unicode char U+00C2 (decimal 194)
   defining Unicode char U+00C3 (decimal 195)
   defining Unicode char U+00C4 (decimal 196)
   defining Unicode char U+00C5 (decimal 197)
   defining Unicode char U+00C6 (decimal 198)
   defining Unicode char U+00C7 (decimal 199)
   defining Unicode char U+00C8 (decimal 200)
   defining Unicode char U+00C9 (decimal 201)
   defining Unicode char U+00CA (decimal 202)
   defining Unicode char U+00CB (decimal 203)
   defining Unicode char U+00CC (decimal 204)
   defining Unicode char U+00CD (decimal 205)
   defining Unicode char U+00CE (decimal 206)
   defining Unicode char U+00CF (decimal 207)
   defining Unicode char U+00D0 (decimal 208)
   defining Unicode char U+00D1 (decimal 209)
   defining Unicode char U+00D2 (decimal 210)
   defining Unicode char U+00D3 (decimal 211)
   defining Unicode char U+00D4 (decimal 212)
   defining Unicode char U+00D5 (decimal 213)
   defining Unicode char U+00D6 (decimal 214)
   defining Unicode char U+00D8 (decimal 216)
   defining Unicode char U+00D9 (decimal 217)
   defining Unicode char U+00DA (decimal 218)
   defining Unicode char U+00DB (decimal 219)
   defining Unicode char U+00DC (decimal 220)
   defining Unicode char U+00DD (decimal 221)
   defining Unicode char U+00DE (decimal 222)
   defining Unicode char U+00DF (decimal 223)
   defining Unicode char U+00E0 (decimal 224)
   defining Unicode char U+00E1 (decimal 225)
   defining Unicode char U+00E2 (decimal 226)
   defining Unicode char U+00E3 (decimal 227)
   defining Unicode char U+00E4 (decimal 228)
   defining Unicode char U+00E5 (decimal 229)
   defining Unicode char U+00E6 (decimal 230)
   defining Unicode char U+00E7 (decimal 231)
   defining Unicode char U+00E8 (decimal 232)
   defining Unicode char U+00E9 (decimal 233)
   defining Unicode char U+00EA (decimal 234)
   defining Unicode char U+00EB (decimal 235)
   defining Unicode char U+00EC (decimal 236)
   defining Unicode char U+00ED (decimal 237)
   defining Unicode char U+00EE (decimal 238)
   defining Unicode char U+00EF (decimal 239)
   defining Unicode char U+00F0 (decimal 240)
   defining Unicode char U+00F1 (decimal 241)
   defining Unicode char U+00F2 (decimal 242)
   defining Unicode char U+00F3 (decimal 243)
   defining Unicode char U+00F4 (decimal 244)
   defining Unicode char U+00F5 (decimal 245)
   defining Unicode char U+00F6 (decimal 246)
   defining Unicode char U+00F8 (decimal 248)
   defining Unicode char U+00F9 (decimal 249)
   defining Unicode char U+00FA (decimal 250)
   defining Unicode char U+00FB (decimal 251)
   defining Unicode char U+00FC (decimal 252)
   defining Unicode char U+00FD (decimal 253)
   defining Unicode char U+00FE (decimal 254)
   defining Unicode char U+00FF (decimal 255)
   defining Unicode char U+0102 (decimal 258)
   defining Unicode char U+0103 (decimal 259)
   defining Unicode char U+0104 (decimal 260)
   defining Unicode char U+0105 (decimal 261)
   defining Unicode char U+0106 (decimal 262)
   defining Unicode char U+0107 (decimal 263)
   defining Unicode char U+010C (decimal 268)
   defining Unicode char U+010D (decimal 269)
   defining Unicode char U+010E (decimal 270)
   defining Unicode char U+010F (decimal 271)
   defining Unicode char U+0110 (decimal 272)
   defining Unicode char U+0111 (decimal 273)
   defining Unicode char U+0118 (decimal 280)
   defining Unicode char U+0119 (decimal 281)
   defining Unicode char U+011A (decimal 282)
   defining Unicode char U+011B (decimal 283)
   defining Unicode char U+011E (decimal 286)
   defining Unicode char U+011F (decimal 287)
   defining Unicode char U+0130 (decimal 304)
   defining Unicode char U+0131 (decimal 305)
   defining Unicode char U+0132 (decimal 306)
   defining Unicode char U+0133 (decimal 307)
   defining Unicode char U+0139 (decimal 313)
   defining Unicode char U+013A (decimal 314)
   defining Unicode char U+013D (decimal 317)
   defining Unicode char U+013E (decimal 318)
   defining Unicode char U+0141 (decimal 321)
   defining Unicode char U+0142 (decimal 322)
   defining Unicode char U+0143 (decimal 323)
   defining Unicode char U+0144 (decimal 324)
   defining Unicode char U+0147 (decimal 327)
   defining Unicode char U+0148 (decimal 328)
   defining Unicode char U+014A (decimal 330)
   defining Unicode char U+014B (decimal 331)
   defining Unicode char U+0150 (decimal 336)
   defining Unicode char U+0151 (decimal 337)
   defining Unicode char U+0152 (decimal 338)
   defining Unicode char U+0153 (decimal 339)
   defining Unicode char U+0154 (decimal 340)
   defining Unicode char U+0155 (decimal 341)
   defining Unicode char U+0158 (decimal 344)
   defining Unicode char U+0159 (decimal 345)
   defining Unicode char U+015A (decimal 346)
   defining Unicode char U+015B (decimal 347)
   defining Unicode char U+015E (decimal 350)
   defining Unicode char U+015F (decimal 351)
   defining Unicode char U+0160 (decimal 352)
   defining Unicode char U+0161 (decimal 353)
   defining Unicode char U+0162 (decimal 354)
   defining Unicode char U+0163 (decimal 355)
   defining Unicode char U+0164 (decimal 356)
   defining Unicode char U+0165 (decimal 357)
   defining Unicode char U+016E (decimal 366)
   defining Unicode char U+016F (decimal 367)
   defining Unicode char U+0170 (decimal 368)
   defining Unicode char U+0171 (decimal 369)
   defining Unicode char U+0178 (decimal 376)
   defining Unicode char U+0179 (decimal 377)
   defining Unicode char U+017A (decimal 378)
   defining Unicode char U+017B (decimal 379)
   defining Unicode char U+017C (decimal 380)
   defining Unicode char U+017D (decimal 381)
   defining Unicode char U+017E (decimal 382)
   defining Unicode char U+200C (decimal 8204)
   defining Unicode char U+2013 (decimal 8211)
   defining Unicode char U+2014 (decimal 8212)
   defining Unicode char U+2018 (decimal 8216)
   defining Unicode char U+2019 (decimal 8217)
   defining Unicode char U+201A (decimal 8218)
   defining Unicode char U+201C (decimal 8220)
   defining Unicode char U+201D (decimal 8221)
   defining Unicode char U+201E (decimal 8222)
   defining Unicode char U+2030 (decimal 8240)
   defining Unicode char U+2031 (decimal 8241)
   defining Unicode char U+2039 (decimal 8249)
   defining Unicode char U+203A (decimal 8250)
   defining Unicode char U+2423 (decimal 9251)
)
Now handling font encoding OT1 ...
... processing UTF-8 mapping file for font encoding OT1

(/usr/share/texlive/texmf-dist/tex/latex/base/ot1enc.dfu
File: ot1enc.dfu 2014/09/29 v1.1m UTF-8 support for inputenc
   defining Unicode char U+00A1 (decimal 161)
   defining Unicode char U+00A3 (decimal 163)
   defining Unicode char U+00B8 (decimal 184)
   defining Unicode char U+00BF (decimal 191)
   defining Unicode char U+00C5 (decimal 197)
   defining Unicode char U+00C6 (decimal 198)
   defining Unicode char U+00D8 (decimal 216)
   defining Unicode char U+00DF (decimal 223)
   defining Unicode char U+00E6 (decimal 230)
   defining Unicode char U+00EC (decimal 236)
   defining Unicode char U+00ED (decimal 237)
   defining Unicode char U+00EE (decimal 238)
   defining Unicode char U+00EF (decimal 239)
   defining Unicode char U+00F8 (decimal 248)
   defining Unicode char U+0131 (decimal 305)
   defining Unicode char U+0141 (decimal 321)
   defining Unicode char U+0142 (decimal 322)
   defining Unicode char U+0152 (decimal 338)
   defining Unicode char U+0153 (decimal 339)
   defining Unicode char U+2013 (decimal 8211)
   defining Unicode char U+2014 (decimal 8212)
   defining Unicode char U+2018 (decimal 8216)
   defining Unicode char U+2019 (decimal 8217)
   defining Unicode char U+201C (decimal 8220)
   defining Unicode char U+201D (decimal 8221)
)
Now handling font encoding OMS ...
... processing UTF-8 mapping file for font encoding OMS

(/usr/share/texlive/texmf-dist/tex/latex/base/omsenc.dfu
File: omsenc.dfu 2014/09/29 v1.1m UTF-8 support for inputenc
   defining Unicode char U+00A7 (decimal 167)
   defining Unicode char U+00B6 (decimal 182)
   defining Unicode char U+00B7 (decimal 183)
   defining Unicode char U+2020 (decimal 8224)
   defining Unicode char U+2021 (decimal 8225)
   defining Unicode char U+2022 (decimal 8226)
)
Now handling font encoding OMX ...
... no UTF-8 mapping file for font encoding OMX
Now handling font encoding U ...
... no UTF-8 mapping file for font encoding U
   defining Unicode char U+00A9 (decimal 169)
   defining Unicode char U+00AA (decimal 170)
   defining Unicode char U+00AE (decimal 174)
   defining Unicode char U+00BA (decimal 186)
   defining Unicode char U+02C6 (decimal 710)
   defining Unicode char U+02DC (decimal 732)
   defining Unicode char U+200C (decimal 8204)
   defining Unicode char U+2026 (decimal 8230)
   defining Unicode char U+2122 (decimal 8482)
   defining Unicode char U+2423 (decimal 9251)
))
(/usr/share/texlive/texmf-dist/tex/latex/base/makeidx.sty
Package: makeidx 2014/09/29 v1.0m Standard LaTeX package
)
(/usr/share/texlive/texmf-dist/tex/latex/tools/multicol.sty
Package: multicol 2014/10/28 v1.8i multicolumn formatting (FMi)
\c@tracingmulticols=\count101
\mult@box=\box30
\multicol@leftmargin=\dimen124
\c@unbalance=\count102
\c@collectmore=\count103
\doublecol@number=\count104
\multicoltolerance=\count105
\multicolpretolerance=\count106
\full@width=\dimen125
\page@free=\dimen126
\premulticols=\dimen127
\postmulticols=\dimen128
\multicolsep=\skip54
\multicolbaselineskip=\skip55
\partial@page=\box31
\last@line=\box32
\maxbalancingoverflow=\dimen129
\mult@rightbox=\box33
\mult@grightbox=\box34
\mult@gfirstbox=\box35
\mult@firstbox=\box36
\@tempa=\box37
\@tempa=\box38
\@tempa=\box39
\@tempa=\box40
\@tempa=\box41
\@tempa=\box42
\@tempa=\box43
\@tempa=\box44
\@tempa=\box45
\@tempa=\box46
\@tempa=\box47
\@tempa=\box48
\@tempa=\box49
\@tempa=\box50
\@tempa=\box51
\@tempa=\box52
\@tempa=\box53
\c@columnbadness=\count107
\c@finalcolumnbadness=\count108
\last@try=\dimen130
\multicolovershoot=\dimen131
\multicolundershoot=\dimen132
\mult@nat@firstbox=\box54
\colbreak@box=\box55
\mc@col@check@num=\count109
)
(/usr/share/texlive/texmf-dist/tex/latex/multirow/multirow.sty
\bigstrutjot=\dimen133
)
(/usr/share/texlive/texmf-dist/tex/latex/base/textcomp.sty
Package: textcomp 2005/09/27 v1.99g Standard LaTeX package
Package textcomp Info: Sub-encoding information:
(textcomp)               5 = only ISO-Adobe without \textcurrency
(textcomp)               4 = 5 + \texteuro
(textcomp)               3 = 4 + \textohm
(textcomp)               2 = 3 + \textestimated + \textcurrency
(textcomp)               1 = TS1 - \textcircled - \t
(textcomp)               0 = TS1 (full)
(textcomp)             Font families with sub-encoding setting implement
(textcomp)             only a restricted character set as indicated.
(textcomp)             Family '?' is the default used for unknown fonts.
(textcomp)             See the documentation for details.
Package textcomp Info: Setting ? sub-encoding to TS1/1 on input line 71.

(/usr/share/texlive/texmf-dist/tex/latex/base/ts1enc.def
File: ts1enc.def 2001/06/05 v3.0e (jk/car/fm) Standard LaTeX file
Now handling font encoding TS1 ...
... processing UTF-8 mapping file for font encoding TS1

(/usr/share/texlive/texmf-dist/tex/latex/base/ts1enc.dfu
File: ts1enc.dfu 2014/09/29 v1.1m UTF-8 support for inputenc
   defining Unicode char U+00A2 (decimal 162)
   defining Unicode char U+00A3 (decimal 163)
   defining Unicode char U+00A4 (decimal 164)
   defining Unicode char U+00A5 (decimal 165)
   defining Unicode char U+00A6 (decimal 166)
   defining Unicode char U+00A7 (decimal 167)
   defining Unicode char U+00A8 (decimal 168)
   defining Unicode char U+00A9 (decimal 169)
   defining Unicode char U+00AA (decimal 170)
   defining Unicode char U+00AC (decimal 172)
   defining Unicode char U+00AE (decimal 174)
   defining Unicode char U+00AF (decimal 175)
   defining Unicode char U+00B0 (decimal 176)
   defining Unicode char U+00B1 (decimal 177)
   defining Unicode char U+00B2 (decimal 178)
   defining Unicode char U+00B3 (decimal 179)
   defining Unicode char U+00B4 (decimal 180)
   defining Unicode char U+00B5 (decimal 181)
   defining Unicode char U+00B6 (decimal 182)
   defining Unicode char U+00B7 (decimal 183)
   defining Unicode char U+00B9 (decimal 185)
   defining Unicode char U+00BA (decimal 186)
   defining Unicode char U+00BC (decimal 188)
   defining Unicode char U+00BD (decimal 189)
   defining Unicode char U+00BE (decimal 190)
   defining Unicode char U+00D7 (decimal 215)
   defining Unicode char U+00F7 (decimal 247)
   defining Unicode char U+0192 (decimal 402)
   defining Unicode char U+02C7 (decimal 711)
   defining Unicode char U+02D8 (decimal 728)
   defining Unicode char U+02DD (decimal 733)
   defining Unicode char U+0E3F (decimal 3647)
   defining Unicode char U+2016 (decimal 8214)
   defining Unicode char U+2020 (decimal 8224)
   defining Unicode char U+2021 (decimal 8225)
   defining Unicode char U+2022 (decimal 8226)
   defining Unicode char U+2030 (decimal 8240)
   defining Unicode char U+2031 (decimal 8241)
   defining Unicode char U+203B (decimal 8251)
   defining Unicode char U+203D (decimal 8253)
   defining Unicode char U+2044 (decimal 8260)
   defining Unicode char U+204E (decimal 8270)
   defining Unicode char U+2052 (decimal 8274)
   defining Unicode char U+20A1 (decimal 8353)
   defining Unicode char U+20A4 (decimal 8356)
   defining Unicode char U+20A6 (decimal 8358)
   defining Unicode char U+20A9 (decimal 8361)
   defining Unicode char U+20AB (decimal 8363)
   defining Unicode char U+20AC (decimal 8364)
   defining Unicode char U+20B1 (decimal 8369)
   defining Unicode char U+2103 (decimal 8451)
   defining Unicode char U+2116 (decimal 8470)
   defining Unicode char U+2117 (decimal 8471)
   defining Unicode char U+211E (decimal 8478)
   defining Unicode char U+2120 (decimal 8480)
   defining Unicode char U+2122 (decimal 8482)
   defining Unicode char U+2126 (decimal 8486)
   defining Unicode char U+2127 (decimal 8487)
   defining Unicode char U+212E (decimal 8494)
   defining Unicode char U+2190 (decimal 8592)
   defining Unicode char U+2191 (decimal 8593)
   defining Unicode char U+2192 (decimal 8594)
   defining Unicode char U+2193 (decimal 8595)
   defining Unicode char U+2329 (decimal 9001)
   defining Unicode char U+232A (decimal 9002)
   defining Unicode char U+2422 (decimal 9250)
   defining Unicode char U+25E6 (decimal 9702)
   defining Unicode char U+25EF (decimal 9711)
   defining Unicode char U+266A (decimal 9834)
))
LaTeX Info: Redefining \oldstylenums on input line 266.
Package textcomp Info: Setting cmr sub-encoding to TS1/0 on input line 281.
Package textcomp Info: Setting cmss sub-encoding to TS1/0 on input line 282.
Package textcomp Info: Setting cmtt sub-encoding to TS1/0 on input line 283.
Package textcomp Info: Setting cmvtt sub-encoding to TS1/0 on input line 284.
Package textcomp Info: Setting cmbr sub-encoding to TS1/0 on input line 285.
Package textcomp Info: Setting cmtl sub-encoding to TS1/0 on input line 286.
Package textcomp Info: Setting ccr sub-encoding to TS1/0 on input line 287.
Package textcomp Info: Setting ptm sub-encoding to TS1/4 on input line 288.
Package textcomp Info: Setting pcr sub-encoding to TS1/4 on input line 289.
Package textcomp Info: Setting phv sub-encoding to TS1/4 on input line 290.
Package textcomp Info: Setting ppl sub-encoding to TS1/3 on input line 291.
Package textcomp Info: Setting pag sub-encoding to TS1/4 on input line 292.
Package textcomp Info: Setting pbk sub-encoding to TS1/4 on input line 293.
Package textcomp Info: Setting pnc sub-encoding to TS1/4 on input line 294.
Package textcomp Info: Setting pzc sub-encoding to TS1/4 on input line 295.
Package textcomp Info: Setting bch sub-encoding to TS1/4 on input line 296.
Package textcomp Info: Setting put sub-encoding to TS1/5 on input line 297.
Package textcomp Info: Setting uag sub-encoding to TS1/5 on input line 298.
Package textcomp Info: Setting ugq sub-encoding to TS1/5 on input line 299.
Package textcomp Info: Setting ul8 sub-encoding to TS1/4 on input line 300.
Package textcomp Info: Setting ul9 sub-encoding to TS1/4 on input line 301.
Package textcomp Info: Setting augie sub-encoding to TS1/5 on input line 302.
Package textcomp Info: Setting dayrom sub-encoding to TS1/3 on input line 303.
Package textcomp Info: Setting dayroms sub-encoding to TS1/3 on input line 304.

Package textcomp Info: Setting pxr sub-encoding to TS1/0 on input line 305.
Package textcomp Info: Setting pxss sub-encoding to TS1/0 on input line 306.
Package textcomp Info: Setting pxtt sub-encoding to TS1/0 on input line 307.
Package textcomp Info: Setting txr sub-encoding to TS1/0 on input line 308.
Package textcomp Info: Setting txss sub-encoding to TS1/0 on input line 309.
Package textcomp Info: Setting txtt sub-encoding to TS1/0 on input line 310.
Package textcomp Info: Setting lmr sub-encoding to TS1/0 on input line 311.
Package textcomp Info: Setting lmdh sub-encoding to TS1/0 on input line 312.
Package textcomp Info: Setting lmss sub-encoding to TS1/0 on input line 313.
Package textcomp Info: Setting lmssq sub-encoding to TS1/0 on input line 314.
Package textcomp Info: Setting lmvtt sub-encoding to TS1/0 on input line 315.
Package textcomp Info: Setting qhv sub-encoding to TS1/0 on input line 316.
Package textcomp Info: Setting qag sub-encoding to TS1/0 on input line 317.
Package textcomp Info: Setting qbk sub-encoding to TS1/0 on input line 318.
Package textcomp Info: Setting qcr sub-encoding to TS1/0 on input line 319.
Package textcomp Info: Setting qcs sub-encoding to TS1/0 on input line 320.
Package textcomp Info: Setting qpl sub-encoding to TS1/0 on input line 321.
Package textcomp Info: Setting qtm sub-encoding to TS1/0 on input line 322.
Package textcomp Info: Setting qzc sub-encoding to TS1/0 on input line 323.
Package textcomp Info: Setting qhvc sub-encoding to TS1/0 on input line 324.
Package textcomp Info: Setting futs sub-encoding to TS1/4 on input line 325.
Package textcomp Info: Setting futx sub-encoding to TS1/4 on input line 326.
Package textcomp Info: Setting futj sub-encoding to TS1/4 on input line 327.
Package textcomp Info: Setting hlh sub-encoding to TS1/3 on input line 328.
Package textcomp Info: Setting hls sub-encoding to TS1/3 on input line 329.
Package textcomp Info: Setting hlst sub-encoding to TS1/3 on input line 330.
Package textcomp Info: Setting hlct sub-encoding to TS1/5 on input line 331.
Package textcomp Info: Setting hlx sub-encoding to TS1/5 on input line 332.
Package textcomp Info: Setting hlce sub-encoding to TS1/5 on input line 333.
Package textcomp Info: Setting hlcn sub-encoding to TS1/5 on input line 334.
Package textcomp Info: Setting hlcw sub-encoding to TS1/5 on input line 335.
Package textcomp Info: Setting hlcf sub-encoding to TS1/5 on input line 336.
Package textcomp Info: Setting pplx sub-encoding to TS1/3 on input line 337.
Package textcomp Info: Setting pplj sub-encoding to TS1/3 on input line 338.
Package textcomp Info: Setting ptmx sub-encoding to TS1/4 on input line 339.
Package textcomp Info: Setting ptmj sub-encoding to TS1/4 on input line 340.
)
(/usr/share/texlive/texmf-dist/tex/latex/wasysym/wasysym.sty
Package: wasysym 2003/10/30 v2.0 Wasy-2 symbol support package
\symwasy=\mathgroup4
LaTeX Font Info:    Overwriting symbol font `wasy' in version `bold'
(Font)                  U/wasy/m/n --> U/wasy/b/n on input line 90.
)
(/usr/share/texlive/texmf-dist/tex/latex/base/fontenc.sty
Package: fontenc 2005/09/27 v1.99g Standard LaTeX package

(/usr/share/texlive/texmf-dist/tex/latex/base/t1enc.def
File: t1enc.def 2005/09/27 v1.99g Standard LaTeX file
LaTeX Font Info:    Redeclaring font encoding T1 on input line 43.
))
(/usr/share/texlive/texmf-dist/tex/latex/psnfss/mathptmx.sty
Package: mathptmx 2005/04/12 PSNFSS-v9.2a Times w/ Math, improved (SPQR, WaS) 
LaTeX Font Info:    Redeclaring symbol font `operators' on input line 28.
LaTeX Font Info:    Overwriting symbol font `operators' in version `normal'
(Font)                  OT1/cmr/m/n --> OT1/ztmcm/m/n on input line 28.
LaTeX Font Info:    Overwriting symbol font `operators' in version `bold'
(Font)                  OT1/cmr/bx/n --> OT1/ztmcm/m/n on input line 28.
LaTeX Font Info:    Redeclaring symbol font `letters' on input line 29.
LaTeX Font Info:    Overwriting symbol font `letters' in version `normal'
(Font)                  OML/cmm/m/it --> OML/ztmcm/m/it on input line 29.
LaTeX Font Info:    Overwriting symbol font `letters' in version `bold'
(Font)                  OML/cmm/b/it --> OML/ztmcm/m/it on input line 29.
LaTeX Font Info:    Redeclaring symbol font `symbols' on input line 30.
LaTeX Font Info:    Overwriting symbol font `symbols' in version `normal'
(Font)                  OMS/cmsy/m/n --> OMS/ztmcm/m/n on input line 30.
LaTeX Font Info:    Overwriting symbol font `symbols' in version `bold'
(Font)                  OMS/cmsy/b/n --> OMS/ztmcm/m/n on input line 30.
LaTeX Font Info:    Redeclaring symbol font `largesymbols' on input line 31.
LaTeX Font Info:    Overwriting symbol font `largesymbols' in version `normal'
(Font)                  OMX/cmex/m/n --> OMX/ztmcm/m/n on input line 31.
LaTeX Font Info:    Overwriting symbol font `largesymbols' in version `bold'
(Font)                  OMX/cmex/m/n --> OMX/ztmcm/m/n on input line 31.
\symbold=\mathgroup5
\symitalic=\mathgroup6
LaTeX Font Info:    Redeclaring math alphabet \mathbf on input line 34.
LaTeX Font Info:    Overwriting math alphabet `\mathbf' in version `normal'
(Font)                  OT1/cmr/bx/n --> OT1/ptm/bx/n on input line 34.
LaTeX Font Info:    Overwriting math alphabet `\mathbf' in version `bold'
(Font)                  OT1/cmr/bx/n --> OT1/ptm/bx/n on input line 34.
LaTeX Font Info:    Redeclaring math alphabet \mathit on input line 35.
LaTeX Font Info:    Overwriting math alphabet `\mathit' in version `normal'
(Font)                  OT1/cmr/m/it --> OT1/ptm/m/it on input line 35.
LaTeX Font Info:    Overwriting math alphabet `\mathit' in version `bold'
(Font)                  OT1/cmr/bx/it --> OT1/ptm/m/it on input line 35.
LaTeX Info: Redefining \hbar on input line 50.
)
(/usr/share/texlive/texmf-dist/tex/latex/psnfss/helvet.sty
Package: helvet 2005/04/12 PSNFSS-v9.2a (WaS) 
)
(/usr/share/texlive/texmf-dist/tex/latex/psnfss/courier.sty
Package: courier 2005/04/12 PSNFSS-v9.2a (WaS) 
)
(/usr/share/texlive/texmf-dist/tex/latex/amsfonts/amssymb.sty
Package: amssymb 2013/01/14 v3.01 AMS font symbols

(/usr/share/texlive/texmf-dist/tex/latex/amsfonts/amsfonts.sty
Package: amsfonts 2013/01/14 v3.01 Basic AMSFonts support
\@emptytoks=\toks23
\symAMSa=\mathgroup7
\symAMSb=\mathgroup8
LaTeX Font Info:    Overwriting math alphabet `\mathfrak' in version `bold'
(Font)                  U/euf/m/n --> U/euf/b/n on input line 106.
))
(/usr/share/texlive/texmf-dist/tex/latex/sectsty/sectsty.sty
Package: sectsty 2002/02/25 v2.0.2 Commands to change all sectional heading sty
les
)
(/usr/share/texlive/texmf-dist/tex/latex/geometry/geometry.sty
Package: geometry 2010/09/12 v5.6 Page Geometry

(/usr/share/texlive/texmf-dist/tex/generic/oberdiek/ifpdf.sty
Package: ifpdf 2011/01/30 v2.3 Provides the ifpdf switch (HO)
Package ifpdf Info: pdfTeX in PDF mode is detected.
)
(/usr/share/texlive/texmf-dist/tex/generic/oberdiek/ifvtex.sty
Package: ifvtex 2010/03/01 v1.5 Detect VTeX and its facilities (HO)
Package ifvtex Info: VTeX not detected.
)
(/usr/share/texlive/texmf-dist/tex/generic/ifxetex/ifxetex.sty
Package: ifxetex 2010/09/12 v0.6 Provides ifxetex conditional
)
\Gm@cnth=\count110
\Gm@cntv=\count111
\c@Gm@tempcnt=\count112
\Gm@bindingoffset=\dimen134
\Gm@wd@mp=\dimen135
\Gm@odd@mp=\dimen136
\Gm@even@mp=\dimen137
\Gm@layoutwidth=\dimen138
\Gm@layoutheight=\dimen139
\Gm@layouthoffset=\dimen140
\Gm@layoutvoffset=\dimen141
\Gm@dimlist=\toks24
)
(/usr/share/texlive/texmf-dist/tex/latex/fancyhdr/fancyhdr.sty
\fancy@headwidth=\skip56
\f@ncyO@elh=\skip57
\f@ncyO@erh=\skip58
\f@ncyO@olh=\skip59
\f@ncyO@orh=\skip60
\f@ncyO@elf=\skip61
\f@ncyO@erf=\skip62
\f@ncyO@olf=\skip63
\f@ncyO@orf=\skip64
)
(/usr/share/texlive/texmf-dist/tex/latex/natbib/natbib.sty
Package: natbib 2010/09/13 8.31b (PWD, AO)
\bibhang=\skip65
\bibsep=\skip66
LaTeX Info: Redefining \cite on input line 694.
\c@NAT@ctr=\count113
)
(/usr/share/texlive/texmf-dist/tex/latex/tocloft/tocloft.sty
Package: tocloft 2013/05/02 v2.3f parameterised ToC, etc., typesetting
Package tocloft Info: The document has chapter divisions on input line 44.
\cftparskip=\skip67
\cftbeforetoctitleskip=\skip68
\cftaftertoctitleskip=\skip69
\cftbeforepartskip=\skip70
\cftpartnumwidth=\skip71
\cftpartindent=\skip72
\cftbeforechapskip=\skip73
\cftchapindent=\skip74
\cftchapnumwidth=\skip75
\cftbeforesecskip=\skip76
\cftsecindent=\skip77
\cftsecnumwidth=\skip78
\cftbeforesubsecskip=\skip79
\cftsubsecindent=\skip80
\cftsubsecnumwidth=\skip81
\cftbeforesubsubsecskip=\skip82
\cftsubsubsecindent=\skip83
\cftsubsubsecnumwidth=\skip84
\cftbeforeparaskip=\skip85
\cftparaindent=\skip86
\cftparanumwidth=\skip87
\cftbeforesubparaskip=\skip88
\cftsubparaindent=\skip89
\cftsubparanumwidth=\skip90
\cftbeforeloftitleskip=\skip91
\cftafterloftitleskip=\skip92
\cftbeforefigskip=\skip93
\cftfigindent=\skip94
\cftfignumwidth=\skip95
\c@lofdepth=\count114
\c@lotdepth=\count115
\cftbeforelottitleskip=\skip96
\cftafterlottitleskip=\skip97
\cftbeforetabskip=\skip98
\cfttabindent=\skip99
\cfttabnumwidth=\skip100
)
\@indexfile=\write3
\openout3 = `refman.idx'.


Writing index file refman.idx
(/usr/share/texlive/texmf-dist/tex/latex/hyperref/hyperref.sty
Package: hyperref 2012/11/06 v6.83m Hypertext links for LaTeX

(/usr/share/texlive/texmf-dist/tex/generic/oberdiek/hobsub-hyperref.sty
Package: hobsub-hyperref 2012/05/28 v1.13 Bundle oberdiek, subset hyperref (HO)


(/usr/share/texlive/texmf-dist/tex/generic/oberdiek/hobsub-generic.sty
Package: hobsub-generic 2012/05/28 v1.13 Bundle oberdiek, subset generic (HO)
Package: hobsub 2012/05/28 v1.13 Construct package bundles (HO)
Package hobsub Info: Skipping package `infwarerr' (already loaded).
Package hobsub Info: Skipping package `ltxcmds' (already loaded).
Package: ifluatex 2010/03/01 v1.3 Provides the ifluatex switch (HO)
Package ifluatex Info: LuaTeX not detected.
Package hobsub Info: Skipping package `ifvtex' (already loaded).
Package: intcalc 2007/09/27 v1.1 Expandable calculations with integers (HO)
Package hobsub Info: Skipping package `ifpdf' (already loaded).
Package: etexcmds 2011/02/16 v1.5 Avoid name clashes with e-TeX commands (HO)
Package etexcmds Info: Could not find \expanded.
(etexcmds)             That can mean that you are not using pdfTeX 1.50 or
(etexcmds)             that some package has redefined \expanded.
(etexcmds)             In the latter case, load this package earlier.
Package: kvsetkeys 2012/04/25 v1.16 Key value parser (HO)
Package: kvdefinekeys 2011/04/07 v1.3 Define keys (HO)
Package: pdftexcmds 2011/11/29 v0.20 Utility functions of pdfTeX for LuaTeX (HO
)
Package pdftexcmds Info: LuaTeX not detected.
Package pdftexcmds Info: \pdf@primitive is available.
Package pdftexcmds Info: \pdf@ifprimitive is available.
Package pdftexcmds Info: \pdfdraftmode found.
Package: pdfescape 2011/11/25 v1.13 Implements pdfTeX's escape features (HO)
Package: bigintcalc 2012/04/08 v1.3 Expandable calculations on big integers (HO
)
Package: bitset 2011/01/30 v1.1 Handle bit-vector datatype (HO)
Package: uniquecounter 2011/01/30 v1.2 Provide unlimited unique counter (HO)
)
Package hobsub Info: Skipping package `hobsub' (already loaded).
Package: letltxmacro 2010/09/02 v1.4 Let assignment for LaTeX macros (HO)
Package: hopatch 2012/05/28 v1.2 Wrapper for package hooks (HO)
Package: xcolor-patch 2011/01/30 xcolor patch
Package: atveryend 2011/06/30 v1.8 Hooks at the very end of document (HO)
Package atveryend Info: \enddocument detected (standard20110627).
Package: atbegshi 2011/10/05 v1.16 At begin shipout hook (HO)
Package: refcount 2011/10/16 v3.4 Data extraction from label references (HO)
Package: hycolor 2011/01/30 v1.7 Color options for hyperref/bookmark (HO)
)
(/usr/share/texlive/texmf-dist/tex/latex/oberdiek/auxhook.sty
Package: auxhook 2011/03/04 v1.3 Hooks for auxiliary files (HO)
)
(/usr/share/texlive/texmf-dist/tex/latex/oberdiek/kvoptions.sty
Package: kvoptions 2011/06/30 v3.11 Key value format for package options (HO)
)
\@linkdim=\dimen142
\Hy@linkcounter=\count116
\Hy@pagecounter=\count117

(/usr/share/texlive/texmf-dist/tex/latex/hyperref/pd1enc.def
File: pd1enc.def 2012/11/06 v6.83m Hyperref: PDFDocEncoding definition (HO)
Now handling font encoding PD1 ...
... no UTF-8 mapping file for font encoding PD1
)
\Hy@SavedSpaceFactor=\count118

(/usr/share/texlive/texmf-dist/tex/latex/latexconfig/hyperref.cfg
File: hyperref.cfg 2002/06/06 v1.2 hyperref configuration of TeXLive
)
Package hyperref Info: Hyper figures OFF on input line 4443.
Package hyperref Info: Link nesting OFF on input line 4448.
Package hyperref Info: Hyper index ON on input line 4451.
Package hyperref Info: Plain pages OFF on input line 4458.
Package hyperref Info: Backreferencing ON on input line 4461.
Package hyperref Info: Implicit mode ON; LaTeX internals redefined.
Package hyperref Info: Bookmarks ON on input line 4688.

(/usr/share/texlive/texmf-dist/tex/latex/hyperref/backref.sty
Package: backref 2012/07/25 v1.38 Bibliographical back referencing

(/usr/share/texlive/texmf-dist/tex/latex/oberdiek/rerunfilecheck.sty
Package: rerunfilecheck 2011/04/15 v1.7 Rerun checks for auxiliary files (HO)
Package uniquecounter Info: New unique counter `rerunfilecheck' on input line 2
82.
))
\c@Hy@tempcnt=\count119

(/usr/share/texlive/texmf-dist/tex/latex/url/url.sty
\Urlmuskip=\muskip10
Package: url 2013/09/16  ver 3.4  Verb mode for urls, etc.
)
LaTeX Info: Redefining \url on input line 5041.
\XeTeXLinkMargin=\dimen143
\Fld@menulength=\count120
\Field@Width=\dimen144
\Fld@charsize=\dimen145
Package hyperref Info: Hyper figures OFF on input line 6295.
Package hyperref Info: Link nesting OFF on input line 6300.
Package hyperref Info: Hyper index ON on input line 6303.
Package hyperref Info: backreferencing ON on input line 6308.
Package hyperref Info: Link coloring OFF on input line 6315.
Package hyperref Info: Link coloring with OCG OFF on input line 6320.
Package hyperref Info: PDF/A mode OFF on input line 6325.
LaTeX Info: Redefining \ref on input line 6365.
LaTeX Info: Redefining \pageref on input line 6369.
\Hy@abspage=\count121
\c@Item=\count122
\c@Hfootnote=\count123
)

Package hyperref Message: Driver: hpdftex.

(/usr/share/texlive/texmf-dist/tex/latex/hyperref/hpdftex.def
File: hpdftex.def 2012/11/06 v6.83m Hyperref driver for pdfTeX
\Fld@listcount=\count124
\c@bookmark@seq@number=\count125
\Hy@SectionHShift=\skip101
)
Package hyperref Info: Option `colorlinks' set `true' on input line 105.
Package hyperref Info: Option `unicode' set `true' on input line 105.

(/usr/share/texlive/texmf-dist/tex/latex/hyperref/puenc.def
File: puenc.def 2012/11/06 v6.83m Hyperref: PDF Unicode definition (HO)
Now handling font encoding PU ...
... no UTF-8 mapping file for font encoding PU
) (./refman.aux)
\openout1 = `refman.aux'.

LaTeX Font Info:    Checking defaults for OML/cmm/m/it on input line 115.
LaTeX Font Info:    ... okay on input line 115.
LaTeX Font Info:    Checking defaults for T1/cmr/m/n on input line 115.
LaTeX Font Info:    ... okay on input line 115.
LaTeX Font Info:    Checking defaults for OT1/cmr/m/n on input line 115.
LaTeX Font Info:    ... okay on input line 115.
LaTeX Font Info:    Checking defaults for OMS/cmsy/m/n on input line 115.
LaTeX Font Info:    ... okay on input line 115.
LaTeX Font Info:    Checking defaults for OMX/cmex/m/n on input line 115.
LaTeX Font Info:    ... okay on input line 115.
LaTeX Font Info:    Checking defaults for U/cmr/m/n on input line 115.
LaTeX Font Info:    ... okay on input line 115.
LaTeX Font Info:    Checking defaults for TS1/cmr/m/n on input line 115.
LaTeX Font Info:    Try loading font information for TS1+cmr on input line 115.


(/usr/share/texlive/texmf-dist/tex/latex/base/ts1cmr.fd
File: ts1cmr.fd 2014/09/29 v2.5h Standard LaTeX font definitions
)
LaTeX Font Info:    ... okay on input line 115.
LaTeX Font Info:    Checking defaults for PD1/pdf/m/n on input line 115.
LaTeX Font Info:    ... okay on input line 115.
LaTeX Font Info:    Checking defaults for PU/pdf/m/n on input line 115.
LaTeX Font Info:    ... okay on input line 115.
LaTeX Font Info:    Try loading font information for T1+phv on input line 115.

(/usr/share/texlive/texmf-dist/tex/latex/psnfss/t1phv.fd
File: t1phv.fd 2001/06/04 scalable font definitions for T1/phv.
)
LaTeX Font Info:    Font shape `T1/phv/m/n' will be
(Font)              scaled to size 8.99994pt on input line 115.

(/usr/share/texlive/texmf-dist/tex/context/base/supp-pdf.mkii
[Loading MPS to PDF converter (version 2006.09.02).]
\scratchcounter=\count126
\scratchdimen=\dimen146
\scratchbox=\box56
\nofMPsegments=\count127
\nofMParguments=\count128
\everyMPshowfont=\toks25
\MPscratchCnt=\count129
\MPscratchDim=\dimen147
\MPnumerator=\count130
\makeMPintoPDFobject=\count131
\everyMPtoPDFconversion=\toks26
) (/usr/share/texlive/texmf-dist/tex/latex/oberdiek/epstopdf-base.sty
Package: epstopdf-base 2010/02/09 v2.5 Base part for package epstopdf

(/usr/share/texlive/texmf-dist/tex/latex/oberdiek/grfext.sty
Package: grfext 2010/08/19 v1.1 Manage graphics extensions (HO)
)
Package grfext Info: Graphics extension search list:
(grfext)             [.png,.pdf,.jpg,.mps,.jpeg,.jbig2,.jb2,.PNG,.PDF,.JPG,.JPE
G,.JBIG2,.JB2,.eps]
(grfext)             \AppendGraphicsExtensions on input line 452.

(/usr/share/texlive/texmf-dist/tex/latex/latexconfig/epstopdf-sys.cfg
File: epstopdf-sys.cfg 2010/07/13 v1.3 Configuration of (r)epstopdf for TeX Liv
e
))
\big@size=\dimen148

*geometry* driver: auto-detecting
*geometry* detected driver: pdftex
*geometry* verbose mode - [ preamble ] result:
* driver: pdftex
* paper: a4paper
* layout: <same size as paper>
* layoutoffset:(h,v)=(0.0pt,0.0pt)
* modes: twoside 
* h-part:(L,W,R)=(71.13188pt, 455.24411pt, 71.13188pt)
* v-part:(T,H,B)=(71.13188pt, 702.78308pt, 71.13188pt)
* \paperwidth=597.50787pt
* \paperheight=845.04684pt
* \textwidth=455.24411pt
* \textheight=702.78308pt
* \oddsidemargin=-1.1381pt
* \evensidemargin=-1.1381pt
* \topmargin=-31.2056pt
* \headheight=12.0pt
* \headsep=18.06749pt
* \topskip=10.0pt
* \footskip=25.29494pt
* \marginparwidth=125.0pt
* \marginparsep=7.0pt
* \columnsep=10.0pt
* \skip\footins=9.0pt plus 4.0pt minus 2.0pt
* \hoffset=0.0pt
* \voffset=0.0pt
* \mag=1000
* \@twocolumnfalse
* \@twosidetrue
* \@mparswitchtrue
* \@reversemarginfalse
* (1in=72.27pt=25.4mm, 1cm=28.453pt)

\AtBeginShipoutBox=\box57
Package backref Info: ** backref set up for natbib ** on input line 115.
Package hyperref Info: Link coloring ON on input line 115.
(/usr/share/texlive/texmf-dist/tex/latex/hyperref/nameref.sty
Package: nameref 2012/10/27 v2.43 Cross-referencing by name of section

(/usr/share/texlive/texmf-dist/tex/generic/oberdiek/gettitlestring.sty
Package: gettitlestring 2010/12/03 v1.4 Cleanup title references (HO)
)
\c@section@level=\count132
)
LaTeX Info: Redefining \ref on input line 115.
LaTeX Info: Redefining \pageref on input line 115.
LaTeX Info: Redefining \nameref on input line 115.

(./refman.out) (./refman.out)
\@outlinefile=\write4
\openout4 = `refman.out'.

Package hyperref Info: Option `pageanchor' set `false' on input line 122.


Package hyperref Warning: Option `bookmarks' has already been used,
(hyperref)                setting the option has no effect on input line 122.

Package hyperref Info: Option `bookmarksnumbered' set `true' on input line 122.

Package hyperref Info: Option `unicode' set `true' on input line 122.
LaTeX Font Info:    Font shape `T1/phv/m/n' will be
(Font)              scaled to size 12.9599pt on input line 127.
LaTeX Font Info:    Font shape `T1/phv/m/n' will be
(Font)              scaled to size 6.29996pt on input line 127.
LaTeX Font Info:    Try loading font information for OT1+ztmcm on input line 12
7.
(/usr/share/texlive/texmf-dist/tex/latex/psnfss/ot1ztmcm.fd
File: ot1ztmcm.fd 2000/01/03 Fontinst v1.801 font definitions for OT1/ztmcm.
)
LaTeX Font Info:    Try loading font information for OML+ztmcm on input line 12
7.

(/usr/share/texlive/texmf-dist/tex/latex/psnfss/omlztmcm.fd
File: omlztmcm.fd 2000/01/03 Fontinst v1.801 font definitions for OML/ztmcm.
)
LaTeX Font Info:    Try loading font information for OMS+ztmcm on input line 12
7.

(/usr/share/texlive/texmf-dist/tex/latex/psnfss/omsztmcm.fd
File: omsztmcm.fd 2000/01/03 Fontinst v1.801 font definitions for OMS/ztmcm.
)
LaTeX Font Info:    Try loading font information for OMX+ztmcm on input line 12
7.

(/usr/share/texlive/texmf-dist/tex/latex/psnfss/omxztmcm.fd
File: omxztmcm.fd 2000/01/03 Fontinst v1.801 font definitions for OMX/ztmcm.
)
LaTeX Font Info:    Try loading font information for U+wasy on input line 127.

(/usr/share/texlive/texmf-dist/tex/latex/wasysym/uwasy.fd
File: uwasy.fd 2003/10/30 v2.0 Wasy-2 symbol font definitions
)
LaTeX Font Info:    Try loading font information for OT1+ptm on input line 127.


(/usr/share/texlive/texmf-dist/tex/latex/psnfss/ot1ptm.fd
File: ot1ptm.fd 2001/06/04 font definitions for OT1/ptm.
)
LaTeX Font Info:    Font shape `OT1/ptm/bx/n' in size <7> not available
(Font)              Font shape `OT1/ptm/b/n' tried instead on input line 127.
LaTeX Font Info:    Font shape `OT1/ptm/bx/n' in size <5> not available
(Font)              Font shape `OT1/ptm/b/n' tried instead on input line 127.
LaTeX Font Info:    Font shape `T1/phv/m/n' will be
(Font)              scaled to size 10.79993pt on input line 129.
LaTeX Font Info:    Font shape `T1/phv/m/n' will be
(Font)              scaled to size 8.09995pt on input line 131.
 [1


{/var/lib/texmf/fonts/map/pdftex/updmap/pdftex.map}] [2

]
LaTeX Font Info:    Font shape `T1/phv/m/n' will be
(Font)              scaled to size 22.39185pt on input line 135.
LaTeX Font Info:    Font shape `T1/phv/bx/n' in size <24.88> not available
(Font)              Font shape `T1/phv/b/n' tried instead on input line 135.
LaTeX Font Info:    Font shape `T1/phv/b/n' will be
(Font)              scaled to size 22.39185pt on input line 135.
LaTeX Font Info:    Font shape `T1/phv/bc/n' will be
(Font)              scaled to size 22.39185pt on input line 135.
 (./refman.toc
LaTeX Font Info:    Font shape `T1/phv/bx/n' in size <10> not available
(Font)              Font shape `T1/phv/b/n' tried instead on input line 1.
LaTeX Font Info:    Font shape `T1/phv/b/n' will be
(Font)              scaled to size 8.99994pt on input line 1.
LaTeX Font Info:    Font shape `OT1/ptm/bx/n' in size <10> not available
(Font)              Font shape `OT1/ptm/b/n' tried instead on input line 1.
LaTeX Font Info:    Font shape `OT1/ptm/bx/n' in size <7.4> not available
(Font)              Font shape `OT1/ptm/b/n' tried instead on input line 1.
LaTeX Font Info:    Font shape `OT1/ptm/bx/n' in size <6> not available
(Font)              Font shape `OT1/ptm/b/n' tried instead on input line 1.
 [3

]
LaTeX Font Info:    Font shape `T1/phv/bx/n' in size <7> not available
(Font)              Font shape `T1/phv/b/n' tried instead on input line 69.
LaTeX Font Info:    Font shape `T1/phv/b/n' will be
(Font)              scaled to size 6.29996pt on input line 69.
 [4] [5] [6] [7]
[8])
\tf@toc=\write5
\openout5 = `refman.toc'.

 [9] [10

]
Package hyperref Info: Option `pageanchor' set `true' on input line 138.

Chapter 1.
LaTeX Font Info:    Font shape `T1/phv/m/n' will be
(Font)              scaled to size 18.66588pt on input line 141.
LaTeX Font Info:    Font shape `T1/phv/bx/n' in size <20.74> not available
(Font)              Font shape `T1/phv/b/n' tried instead on input line 141.
LaTeX Font Info:    Font shape `T1/phv/b/n' will be
(Font)              scaled to size 18.66588pt on input line 141.
LaTeX Font Info:    Font shape `T1/phv/bc/n' will be
(Font)              scaled to size 18.66588pt on input line 141.
(./bug.tex) [1

] [2

]
Chapter 2.
(./namespaces.tex
LaTeX Font Info:    Font shape `T1/phv/bx/n' in size <14.4> not available
(Font)              Font shape `T1/phv/b/n' tried instead on input line 1.
LaTeX Font Info:    Font shape `T1/phv/b/n' will be
(Font)              scaled to size 12.9599pt on input line 1.
LaTeX Font Info:    Font shape `T1/phv/bc/n' will be
(Font)              scaled to size 12.9599pt on input line 1.
) [3] [4

]
Chapter 3.
(./hierarchy.tex) [5] [6

]
Chapter 4.
(./annotated.tex) [7] [8

]
Chapter 5.
(./files.tex
Underfull \vbox (badness 1997) has occurred while \output is active []

 [9])
[10]
Chapter 6.
(./namespaceradio.tex
LaTeX Font Info:    Font shape `T1/phv/bx/n' in size <12> not available
(Font)              Font shape `T1/phv/b/n' tried instead on input line 9.
LaTeX Font Info:    Font shape `T1/phv/b/n' will be
(Font)              scaled to size 10.79993pt on input line 9.
LaTeX Font Info:    Font shape `T1/phv/bc/n' will be
(Font)              scaled to size 10.79993pt on input line 9.
LaTeX Font Info:    Try loading font information for TS1+phv on input line 12.
 (/usr/share/texlive/texmf-dist/tex/latex/psnfss/ts1phv.fd
File: ts1phv.fd 2001/06/04 scalable font definitions for TS1/phv.
)
LaTeX Font Info:    Font shape `TS1/phv/m/n' will be
(Font)              scaled to size 8.99994pt on input line 12.

Underfull \hbox (badness 10000) in paragraph at lines 38--49
[][]\T1/phv/m/n/10 Modulation[]Type[]::[]L[]S[]B[]_[][]F[]I[]L[]T[]E[]R[]E[]D[]
[], [][]Modulation[]Type[]::[]L[]S[]B[]_[][]H[]I[]L[]B[]E[]R[]T[][], [][]Modula
tion[]Type[]::[]F[]M[]_[][]N[]A[]R[]R[]O[]W[][],
 []

[11

]
LaTeX Font Info:    Font shape `T1/phv/bc/n' will be
(Font)              scaled to size 8.99994pt on input line 89.

Underfull \hbox (badness 10000) detected at line 89
[][][]
 []

LaTeX Font Info:    Try loading font information for T1+pcr on input line 90.
(/usr/share/texlive/texmf-dist/tex/latex/psnfss/t1pcr.fd
File: t1pcr.fd 2001/06/04 font definitions for T1/pcr.
)
Underfull \hbox (badness 10000) detected at line 103
[][][]
 []

LaTeX Font Info:    Font shape `T1/phv/bx/it' in size <10> not available
(Font)              Font shape `T1/phv/b/it' tried instead on input line 107.
LaTeX Font Info:    Font shape `T1/phv/b/it' in size <10> not available
(Font)              Font shape `T1/phv/b/sl' tried instead on input line 107.
LaTeX Font Info:    Font shape `T1/phv/b/sl' will be
(Font)              scaled to size 8.99994pt on input line 107.
LaTeX Font Info:    Font shape `T1/phv/bx/it' in size <7> not available
(Font)              Font shape `T1/phv/b/it' tried instead on input line 107.
LaTeX Font Info:    Font shape `T1/phv/b/it' in size <7> not available
(Font)              Font shape `T1/phv/b/sl' tried instead on input line 107.
LaTeX Font Info:    Font shape `T1/phv/b/sl' will be
(Font)              scaled to size 6.29996pt on input line 107.

Underfull \hbox (badness 10000) detected at line 119
[][][]
 []


Underfull \hbox (badness 10000) detected at line 137
[][][]
 []


LaTeX Font Warning: Font shape `T1/pcr/bc/n' undefined
(Font)              using `T1/pcr/m/n' instead on input line 151.

[12]
Underfull \hbox (badness 10000) detected at line 153
[][][]
 []

LaTeX Font Info:    Font shape `T1/phv/bc/n' will be
(Font)              scaled to size 6.29996pt on input line 187.
LaTeX Font Info:    Font shape `T1/phv/bc/it' in size <10> not available
(Font)              Font shape `T1/phv/bc/sl' tried instead on input line 187.
LaTeX Font Info:    Font shape `T1/phv/bc/sl' will be
(Font)              scaled to size 8.99994pt on input line 187.
LaTeX Font Info:    Font shape `T1/phv/m/it' in size <10> not available
(Font)              Font shape `T1/phv/m/sl' tried instead on input line 192.
LaTeX Font Info:    Font shape `T1/phv/m/sl' will be
(Font)              scaled to size 8.99994pt on input line 192.

<namespaceradio_aa04bb922c40cafb00a5603f1fc6d9c26_icgraph.pdf, id=1495, 567.118
74pt x 176.66pt>
File: namespaceradio_aa04bb922c40cafb00a5603f1fc6d9c26_icgraph.pdf Graphic file
 (type pdf)

<use namespaceradio_aa04bb922c40cafb00a5603f1fc6d9c26_icgraph.pdf>
Package pdftex.def Info: namespaceradio_aa04bb922c40cafb00a5603f1fc6d9c26_icgra
ph.pdf used on input line 208.
(pdftex.def)             Requested size: 350.0pt x 109.02937pt.
 [13 <./namespaceradio_aa04bb922c40cafb00a5603f1fc6d9c26_icgraph.pdf>]
<namespaceradio_ab146b5bf7f1c005939b024c9c4910a77_icgraph.pdf, id=1517, 553.066
25pt x 190.7125pt>
File: namespaceradio_ab146b5bf7f1c005939b024c9c4910a77_icgraph.pdf Graphic file
 (type pdf)

<use namespaceradio_ab146b5bf7f1c005939b024c9c4910a77_icgraph.pdf>
Package pdftex.def Info: namespaceradio_ab146b5bf7f1c005939b024c9c4910a77_icgra
ph.pdf used on input line 243.
(pdftex.def)             Requested size: 350.0pt x 120.68785pt.

<namespaceradio_a285a47b4ed81e5662d2b6b4bae0188d0_cgraph.pdf, id=1520, 345.29pt
 x 138.5175pt>
File: namespaceradio_a285a47b4ed81e5662d2b6b4bae0188d0_cgraph.pdf Graphic file 
(type pdf)

<use namespaceradio_a285a47b4ed81e5662d2b6b4bae0188d0_cgraph.pdf>
Package pdftex.def Info: namespaceradio_a285a47b4ed81e5662d2b6b4bae0188d0_cgrap
h.pdf used on input line 279.
(pdftex.def)             Requested size: 344.0pt x 138.00142pt.

<namespaceradio_a285a47b4ed81e5662d2b6b4bae0188d0_icgraph.pdf, id=1521, 372.391
25pt x 176.66pt>
File: namespaceradio_a285a47b4ed81e5662d2b6b4bae0188d0_icgraph.pdf Graphic file
 (type pdf)

<use namespaceradio_a285a47b4ed81e5662d2b6b4bae0188d0_icgraph.pdf>
Package pdftex.def Info: namespaceradio_a285a47b4ed81e5662d2b6b4bae0188d0_icgra
ph.pdf used on input line 291.
(pdftex.def)             Requested size: 350.0pt x 166.04424pt.

Underfull \vbox (badness 10000) has occurred while \output is active []

 [14 <./namespaceradio_ab146b5bf7f1c005939b024c9c4910a77_icgraph.pdf> <./namesp
aceradio_a285a47b4ed81e5662d2b6b4bae0188d0_cgraph.pdf

pdfTeX warning: pdflatex (file ./namespaceradio_a285a47b4ed81e5662d2b6b4bae0188
d0_cgraph.pdf): PDF inclusion: multiple pdfs with page group included in a sing
le page
>]
<namespaceradio_a51add4e2faf6d58cabc3b4a3892420eb_cgraph.pdf, id=1542, 238.8925
pt x 138.5175pt>
File: namespaceradio_a51add4e2faf6d58cabc3b4a3892420eb_cgraph.pdf Graphic file 
(type pdf)

<use namespaceradio_a51add4e2faf6d58cabc3b4a3892420eb_cgraph.pdf>
Package pdftex.def Info: namespaceradio_a51add4e2faf6d58cabc3b4a3892420eb_cgrap
h.pdf used on input line 326.
(pdftex.def)             Requested size: 238.0pt x 137.99931pt.

<namespaceradio_a51add4e2faf6d58cabc3b4a3892420eb_icgraph.pdf, id=1543, 463.732
5pt x 176.66pt>
File: namespaceradio_a51add4e2faf6d58cabc3b4a3892420eb_icgraph.pdf Graphic file
 (type pdf)

<use namespaceradio_a51add4e2faf6d58cabc3b4a3892420eb_icgraph.pdf>
Package pdftex.def Info: namespaceradio_a51add4e2faf6d58cabc3b4a3892420eb_icgra
ph.pdf used on input line 338.
(pdftex.def)             Requested size: 350.0pt x 133.3357pt.

Underfull \vbox (badness 10000) has occurred while \output is active []

 [15 <./namespaceradio_a285a47b4ed81e5662d2b6b4bae0188d0_icgraph.pdf> <./namesp
aceradio_a51add4e2faf6d58cabc3b4a3892420eb_cgraph.pdf

pdfTeX warning: pdflatex (file ./namespaceradio_a51add4e2faf6d58cabc3b4a3892420
eb_cgraph.pdf): PDF inclusion: multiple pdfs with page group included in a sing
le page
>]
<namespaceradio_a7166522e76ff88e8d482491b1b6e2275_cgraph.pdf, id=1564, 459.7175
pt x 138.5175pt>
File: namespaceradio_a7166522e76ff88e8d482491b1b6e2275_cgraph.pdf Graphic file 
(type pdf)

<use namespaceradio_a7166522e76ff88e8d482491b1b6e2275_cgraph.pdf>
Package pdftex.def Info: namespaceradio_a7166522e76ff88e8d482491b1b6e2275_cgrap
h.pdf used on input line 374.
(pdftex.def)             Requested size: 350.0pt x 105.4646pt.

<namespaceradio_a7166522e76ff88e8d482491b1b6e2275_icgraph.pdf, id=1565, 232.87p
t x 100.375pt>
File: namespaceradio_a7166522e76ff88e8d482491b1b6e2275_icgraph.pdf Graphic file
 (type pdf)

<use namespaceradio_a7166522e76ff88e8d482491b1b6e2275_icgraph.pdf>
Package pdftex.def Info: namespaceradio_a7166522e76ff88e8d482491b1b6e2275_icgra
ph.pdf used on input line 386.
(pdftex.def)             Requested size: 232.0pt x 100.00409pt.
 [16 <./namespaceradio_a51add4e2faf6d58cabc3b4a3892420eb_icgraph.pdf> <./namesp
aceradio_a7166522e76ff88e8d482491b1b6e2275_cgraph.pdf

pdfTeX warning: pdflatex (file ./namespaceradio_a7166522e76ff88e8d482491b1b6e22
75_cgraph.pdf): PDF inclusion: multiple pdfs with page group included in a sing
le page
> <./namespaceradio_a7166522e76ff88e8d482491b1b6e2275_icgraph.pdf

pdfTeX warning: pdflatex (file ./namespaceradio_a7166522e76ff88e8d482491b1b6e22
75_icgraph.pdf): PDF inclusion: multiple pdfs with page group included in a sin
gle page
>]
<namespaceradio_a6db7c682d0f9aeac8cb5042717b8ae7f_icgraph.pdf, id=1590, 243.911
25pt x 100.375pt>
File: namespaceradio_a6db7c682d0f9aeac8cb5042717b8ae7f_icgraph.pdf Graphic file
 (type pdf)

<use namespaceradio_a6db7c682d0f9aeac8cb5042717b8ae7f_icgraph.pdf>
Package pdftex.def Info: namespaceradio_a6db7c682d0f9aeac8cb5042717b8ae7f_icgra
ph.pdf used on input line 409.
(pdftex.def)             Requested size: 243.0pt x 100.00102pt.

<namespaceradio_ae4b2334c4366dcdf0311ad79d2067945_icgraph.pdf, id=1593, 237.888
75pt x 100.375pt>
File: namespaceradio_ae4b2334c4366dcdf0311ad79d2067945_icgraph.pdf Graphic file
 (type pdf)

<use namespaceradio_ae4b2334c4366dcdf0311ad79d2067945_icgraph.pdf>
Package pdftex.def Info: namespaceradio_ae4b2334c4366dcdf0311ad79d2067945_icgra
ph.pdf used on input line 442.
(pdftex.def)             Requested size: 237.0pt x 100.00409pt.

Underfull \hbox (badness 10000) detected at line 463
[][][]
 []


<namespaceradio_a402fe28e2e2bb2be7a0d2d9f74cc640d_icgraph.pdf, id=1597, 230.862
5pt x 100.375pt>
File: namespaceradio_a402fe28e2e2bb2be7a0d2d9f74cc640d_icgraph.pdf Graphic file
 (type pdf)

<use namespaceradio_a402fe28e2e2bb2be7a0d2d9f74cc640d_icgraph.pdf>
Package pdftex.def Info: namespaceradio_a402fe28e2e2bb2be7a0d2d9f74cc640d_icgra
ph.pdf used on input line 477.
(pdftex.def)             Requested size: 230.0pt x 100.00102pt.
 [17 <./namespaceradio_a6db7c682d0f9aeac8cb5042717b8ae7f_icgraph.pdf> <./namesp
aceradio_ae4b2334c4366dcdf0311ad79d2067945_icgraph.pdf

pdfTeX warning: pdflatex (file ./namespaceradio_ae4b2334c4366dcdf0311ad79d20679
45_icgraph.pdf): PDF inclusion: multiple pdfs with page group included in a sin
gle page
>] [18 <./namespaceradio_a402fe28e2e2bb2be7a0d2d9f74cc640d_icgraph.pdf>])
[19] [20

]
Chapter 7.
(./classradio_1_1Filter.tex
LaTeX Font Info:    Font shape `T1/phv/bc/it' in size <7> not available
(Font)              Font shape `T1/phv/bc/sl' tried instead on input line 46.
LaTeX Font Info:    Font shape `T1/phv/bc/sl' will be
(Font)              scaled to size 6.29996pt on input line 46.
 [21]
LaTeX Font Info:    Font shape `T1/phv/m/it' in size <7> not available
(Font)              Font shape `T1/phv/m/sl' tried instead on input line 55.
LaTeX Font Info:    Font shape `T1/phv/m/sl' will be
(Font)              scaled to size 6.29996pt on input line 55.

<classradio_1_1Filter_ad2793821801780809af385463bf8f197_icgraph.pdf, id=1693, 3
96.48125pt x 138.5175pt>
File: classradio_1_1Filter_ad2793821801780809af385463bf8f197_icgraph.pdf Graphi
c file (type pdf)

<use classradio_1_1Filter_ad2793821801780809af385463bf8f197_icgraph.pdf>
Package pdftex.def Info: classradio_1_1Filter_ad2793821801780809af385463bf8f197
_icgraph.pdf used on input line 83.
(pdftex.def)             Requested size: 350.0pt x 122.28044pt.

[22 <./classradio_1_1Filter_ad2793821801780809af385463bf8f197_icgraph.pdf>])
(./classradio_1_1Gain.tex
<classradio_1_1Gain_a8c6df2c5989da0e560c8f276e6138a2d_icgraph.pdf, id=1732, 249
.93375pt x 100.375pt>
File: classradio_1_1Gain_a8c6df2c5989da0e560c8f276e6138a2d_icgraph.pdf Graphic 
file (type pdf)

<use classradio_1_1Gain_a8c6df2c5989da0e560c8f276e6138a2d_icgraph.pdf>
Package pdftex.def Info: classradio_1_1Gain_a8c6df2c5989da0e560c8f276e6138a2d_i
cgraph.pdf used on input line 70.
(pdftex.def)             Requested size: 249.0pt x 100.00409pt.
)
(./classradio_1_1Modulator.tex [23 <./classradio_1_1Gain_a8c6df2c5989da0e560c8f
276e6138a2d_icgraph.pdf>]

LaTeX Font Warning: Font shape `T1/pcr/bc/it' undefined
(Font)              using `T1/pcr/bc/n' instead on input line 37.


Package hyperref Warning: Token not allowed in a PDF string (Unicode):
(hyperref)                removing `math shift' on input line 63.


Package hyperref Warning: Token not allowed in a PDF string (Unicode):
(hyperref)                removing `\sim' on input line 63.


Package hyperref Warning: Token not allowed in a PDF string (Unicode):
(hyperref)                removing `math shift' on input line 63.


<classradio_1_1Modulator_ab5eac6e4900579486b5871b48e64cdab_cgraph.pdf, id=1770,
 560.0925pt x 233.87375pt>
File: classradio_1_1Modulator_ab5eac6e4900579486b5871b48e64cdab_cgraph.pdf Grap
hic file (type pdf)

<use classradio_1_1Modulator_ab5eac6e4900579486b5871b48e64cdab_cgraph.pdf>
Package pdftex.def Info: classradio_1_1Modulator_ab5eac6e4900579486b5871b48e64c
dab_cgraph.pdf used on input line 89.
(pdftex.def)             Requested size: 350.0pt x 146.15288pt.

Underfull \vbox (badness 2980) has occurred while \output is active []

 [24]
<classradio_1_1Modulator_ab5eac6e4900579486b5871b48e64cdab_icgraph.pdf, id=1784
, 265.99374pt x 100.375pt>
File: classradio_1_1Modulator_ab5eac6e4900579486b5871b48e64cdab_icgraph.pdf Gra
phic file (type pdf)

<use classradio_1_1Modulator_ab5eac6e4900579486b5871b48e64cdab_icgraph.pdf>
Package pdftex.def Info: classradio_1_1Modulator_ab5eac6e4900579486b5871b48e64c
dab_icgraph.pdf used on input line 101.
(pdftex.def)             Requested size: 265.0pt x 100.00868pt.
)
(./classradio_1_1PlTone.tex
<classradio_1_1PlTone__inherit__graph.pdf, id=1786, 161.60374pt x 156.585pt>
File: classradio_1_1PlTone__inherit__graph.pdf Graphic file (type pdf)

<use classradio_1_1PlTone__inherit__graph.pdf>
Package pdftex.def Info: classradio_1_1PlTone__inherit__graph.pdf used on input
 line 15.
(pdftex.def)             Requested size: 161.0pt x 156.00879pt.

<classradio_1_1PlTone__coll__graph.pdf, id=1787, 161.60374pt x 156.585pt>
File: classradio_1_1PlTone__coll__graph.pdf Graphic file (type pdf)

<use classradio_1_1PlTone__coll__graph.pdf>
Package pdftex.def Info: classradio_1_1PlTone__coll__graph.pdf used on input li
ne 25.
(pdftex.def)             Requested size: 161.0pt x 156.00879pt.

Underfull \vbox (badness 1565) has occurred while \output is active []

 [25 <./classradio_1_1Modulator_ab5eac6e4900579486b5871b48e64cdab_cgraph.pdf> <
./classradio_1_1Modulator_ab5eac6e4900579486b5871b48e64cdab_icgraph.pdf

pdfTeX warning: pdflatex (file ./classradio_1_1Modulator_ab5eac6e4900579486b587
1b48e64cdab_icgraph.pdf): PDF inclusion: multiple pdfs with page group included
 in a single page
> <./classradio_1_1PlTone__inherit__graph.pdf

pdfTeX warning: pdflatex (file ./classradio_1_1PlTone__inherit__graph.pdf): PDF
 inclusion: multiple pdfs with page group included in a single page
>]
<classradio_1_1PlTone_a9e19b2d5106b35626d4839f04f9b9f95_cgraph.pdf, id=1824, 32
1.2pt x 100.375pt>
File: classradio_1_1PlTone_a9e19b2d5106b35626d4839f04f9b9f95_cgraph.pdf Graphic
 file (type pdf)

<use classradio_1_1PlTone_a9e19b2d5106b35626d4839f04f9b9f95_cgraph.pdf>
Package pdftex.def Info: classradio_1_1PlTone_a9e19b2d5106b35626d4839f04f9b9f95
_cgraph.pdf used on input line 96.
(pdftex.def)             Requested size: 320.0pt x 100.00255pt.

[26 <./classradio_1_1PlTone__coll__graph.pdf>]
<classradio_1_1PlTone_a9e19b2d5106b35626d4839f04f9b9f95_icgraph.pdf, id=1844, 2
52.945pt x 100.375pt>
File: classradio_1_1PlTone_a9e19b2d5106b35626d4839f04f9b9f95_icgraph.pdf Graphi
c file (type pdf)

<use classradio_1_1PlTone_a9e19b2d5106b35626d4839f04f9b9f95_icgraph.pdf>
Package pdftex.def Info: classradio_1_1PlTone_a9e19b2d5106b35626d4839f04f9b9f95
_icgraph.pdf used on input line 108.
(pdftex.def)             Requested size: 252.0pt x 100.00255pt.
)
(./classradio_1_1Sinusoid.tex
<classradio_1_1Sinusoid__inherit__graph.pdf, id=1846, 161.60374pt x 156.585pt>
File: classradio_1_1Sinusoid__inherit__graph.pdf Graphic file (type pdf)

<use classradio_1_1Sinusoid__inherit__graph.pdf>
Package pdftex.def Info: classradio_1_1Sinusoid__inherit__graph.pdf used on inp
ut line 15.
(pdftex.def)             Requested size: 161.0pt x 156.00879pt.
 [27 <./classradio_1_1PlTone_a9e19b2d5106b35626d4839f04f9b9f95_cgraph.pdf> <./c
lassradio_1_1PlTone_a9e19b2d5106b35626d4839f04f9b9f95_icgraph.pdf

pdfTeX warning: pdflatex (file ./classradio_1_1PlTone_a9e19b2d5106b35626d4839f0
4f9b9f95_icgraph.pdf): PDF inclusion: multiple pdfs with page group included in
 a single page
> <./classradio_1_1Sinusoid__inherit__graph.pdf

pdfTeX warning: pdflatex (file ./classradio_1_1Sinusoid__inherit__graph.pdf): P
DF inclusion: multiple pdfs with page group included in a single page
>]

Package hyperref Warning: Token not allowed in a PDF string (Unicode):
(hyperref)                removing `math shift' on input line 72.


Package hyperref Warning: Token not allowed in a PDF string (Unicode):
(hyperref)                removing `\sim' on input line 72.


Package hyperref Warning: Token not allowed in a PDF string (Unicode):
(hyperref)                removing `math shift' on input line 72.


<classradio_1_1Sinusoid_aab44298ea1bd5cb175d5826243cf56f2_icgraph.pdf, id=1903,
 408.52625pt x 176.66pt>
File: classradio_1_1Sinusoid_aab44298ea1bd5cb175d5826243cf56f2_icgraph.pdf Grap
hic file (type pdf)

<use classradio_1_1Sinusoid_aab44298ea1bd5cb175d5826243cf56f2_icgraph.pdf>
Package pdftex.def Info: classradio_1_1Sinusoid_aab44298ea1bd5cb175d5826243cf56
f2_icgraph.pdf used on input line 98.
(pdftex.def)             Requested size: 350.0pt x 151.35855pt.

[28 <./classradio_1_1Sinusoid_aab44298ea1bd5cb175d5826243cf56f2_icgraph.pdf>]
<classradio_1_1Sinusoid_a3f2741e9dd30291e5fa87f2eb2243e7c_icgraph.pdf, id=1927,
 439.6425pt x 100.375pt>
File: classradio_1_1Sinusoid_a3f2741e9dd30291e5fa87f2eb2243e7c_icgraph.pdf Grap
hic file (type pdf)

<use classradio_1_1Sinusoid_a3f2741e9dd30291e5fa87f2eb2243e7c_icgraph.pdf>
Package pdftex.def Info: classradio_1_1Sinusoid_a3f2741e9dd30291e5fa87f2eb2243e
7c_icgraph.pdf used on input line 121.
(pdftex.def)             Requested size: 350.0pt x 79.91107pt.
)
[29 <./classradio_1_1Sinusoid_a3f2741e9dd30291e5fa87f2eb2243e7c_icgraph.pdf>]
[30

]
Chapter 8.
(./bbftest.tex
Underfull \hbox (badness 10000) detected at line 7
[][][]
 []

) (./bbftest_source.tex) (./lsbftest.tex
Underfull \hbox (badness 10000) detected at line 7
[][][]
 []

) (./lsbftest_source.tex) (./modtest.tex
Underfull \hbox (badness 10000) detected at line 7
[][][]
 []

) (./modtest_source.tex [31]) (./msintest.tex
Underfull \hbox (badness 10000) detected at line 7
[][][]
 []

) (./msintest_source.tex) (./pltest.tex
Underfull \hbox (badness 10000) detected at line 7
[][][]
 []

) (./pltest_source.tex) (./radio.tex
Underfull \hbox (badness 10000) detected at line 7
[][][]
 []

) (./radio_source.tex) (./sintest.tex [32]
Underfull \hbox (badness 10000) detected at line 7
[][][]
 []

) (./sintest_source.tex) (./usbftest.tex
Underfull \hbox (badness 10000) detected at line 7
[][][]
 []

) (./usbftest_source.tex) (./doxygen_8config.tex
Underfull \hbox (badness 10000) detected at line 14
[][][]
 []

) (./doxygen_8config_source.tex [33]) (./makefile.tex
Underfull \hbox (badness 10000) detected at line 14
[][][]
 []

) (./makefile_source.tex [34]) (./alsa__test_8cpp.tex
<alsa__test_8cpp__incl.pdf, id=2010, 480.79625pt x 212.795pt>
File: alsa__test_8cpp__incl.pdf Graphic file (type pdf)

<use alsa__test_8cpp__incl.pdf>
Package pdftex.def Info: alsa__test_8cpp__incl.pdf used on input line 19.
(pdftex.def)             Requested size: 350.0pt x 154.91045pt.

Underfull \hbox (badness 10000) detected at line 32
[][][]
 []

[35 <./alsa__test_8cpp__incl.pdf>]) (./alsa__test_8cpp_source.tex [36])
(./auxiliary_8hpp.tex
<auxiliary_8hpp__incl.pdf, id=2048, 449.68pt x 212.795pt>
File: auxiliary_8hpp__incl.pdf Graphic file (type pdf)

<use auxiliary_8hpp__incl.pdf>
Package pdftex.def Info: auxiliary_8hpp__incl.pdf used on input line 19.
(pdftex.def)             Requested size: 350.0pt x 165.63199pt.

<auxiliary_8hpp__dep__incl.pdf, id=2049, 1033.8625pt x 167.62625pt>
File: auxiliary_8hpp__dep__incl.pdf Graphic file (type pdf)

<use auxiliary_8hpp__dep__incl.pdf>
Package pdftex.def Info: auxiliary_8hpp__dep__incl.pdf used on input line 27.
(pdftex.def)             Requested size: 350.0pt x 56.74661pt.
 [37 <./auxiliary_8hpp__incl.pdf> <./auxiliary_8hpp__dep__incl.pdf

pdfTeX warning: pdflatex (file ./auxiliary_8hpp__dep__incl.pdf): PDF inclusion:
 multiple pdfs with page group included in a single page
>]
LaTeX Font Info:    Font shape `T1/phv/m/it' in size <9> not available
(Font)              Font shape `T1/phv/m/sl' tried instead on input line 34.
LaTeX Font Info:    Font shape `T1/phv/m/sl' will be
(Font)              scaled to size 8.09995pt on input line 34.

Underfull \hbox (badness 10000) detected at line 49
[][][]
 []

) (./auxiliary_8hpp_source.tex [38]) (./baseband__filter__test_8cpp.tex
<baseband__filter__test_8cpp__incl.pdf, id=2109, 799.98875pt x 280.04625pt>
File: baseband__filter__test_8cpp__incl.pdf Graphic file (type pdf)

<use baseband__filter__test_8cpp__incl.pdf>
Package pdftex.def Info: baseband__filter__test_8cpp__incl.pdf used on input li
ne 24.
(pdftex.def)             Requested size: 350.0pt x 122.52419pt.
 [39 <./baseband__filter__test_8cpp__incl.pdf>]
Underfull \hbox (badness 10000) detected at line 37
[][][]
 []


<baseband__filter__test_8cpp_a0ddf1224851353fc92bfbff6f499fa97_cgraph.pdf, id=2
128, 562.1pt x 214.8025pt>
File: baseband__filter__test_8cpp_a0ddf1224851353fc92bfbff6f499fa97_cgraph.pdf 
Graphic file (type pdf)

<use baseband__filter__test_8cpp_a0ddf1224851353fc92bfbff6f499fa97_cgraph.pdf>
Package pdftex.def Info: baseband__filter__test_8cpp_a0ddf1224851353fc92bfbff6f
499fa97_cgraph.pdf used on input line 66.
(pdftex.def)             Requested size: 350.0pt x 133.74976pt.
) (./baseband__filter__test_8cpp_source.tex [40 <./baseband__filter__test_8cpp_
a0ddf1224851353fc92bfbff6f499fa97_cgraph.pdf>]) (./definitions_8hpp.tex
<definitions_8hpp__incl.pdf, id=2169, 196.735pt x 156.585pt>
File: definitions_8hpp__incl.pdf Graphic file (type pdf)

<use definitions_8hpp__incl.pdf>
Package pdftex.def Info: definitions_8hpp__incl.pdf used on input line 16.
(pdftex.def)             Requested size: 196.0pt x 155.99922pt.

<definitions_8hpp__dep__incl.pdf, id=2170, 1474.50874pt x 280.04625pt>
File: definitions_8hpp__dep__incl.pdf Graphic file (type pdf)

<use definitions_8hpp__dep__incl.pdf>
Package pdftex.def Info: definitions_8hpp__dep__incl.pdf used on input line 24.

(pdftex.def)             Requested size: 350.0pt x 66.4732pt.
 [41 <./definitions_8hpp__incl.pdf> <./definitions_8hpp__dep__incl.pdf

pdfTeX warning: pdflatex (file ./definitions_8hpp__dep__incl.pdf): PDF inclusio
n: multiple pdfs with page group included in a single page
>]
Underfull \hbox (badness 10000) detected at line 102
[][][]
 []

[42] [43]) (./definitions_8hpp_source.tex) (./fft__test_8cpp.tex
<fft__test_8cpp__incl.pdf, id=2340, 353.32pt x 156.585pt>
File: fft__test_8cpp__incl.pdf Graphic file (type pdf)

<use fft__test_8cpp__incl.pdf>
Package pdftex.def Info: fft__test_8cpp__incl.pdf used on input line 18.
(pdftex.def)             Requested size: 350.0pt x 155.11519pt.

Underfull \vbox (badness 2941) has occurred while \output is active []

 [44]
Underfull \hbox (badness 10000) detected at line 48
[][][]
 []

[45 <./fft__test_8cpp__incl.pdf>]
<fft__test_8cpp_a22051cd252d576aec530227d32d95bdd_icgraph.pdf, id=2385, 248.93p
t x 119.44624pt>
File: fft__test_8cpp_a22051cd252d576aec530227d32d95bdd_icgraph.pdf Graphic file
 (type pdf)

<use fft__test_8cpp_a22051cd252d576aec530227d32d95bdd_icgraph.pdf>
Package pdftex.def Info: fft__test_8cpp_a22051cd252d576aec530227d32d95bdd_icgra
ph.pdf used on input line 86.
(pdftex.def)             Requested size: 248.0pt x 119.00304pt.

<fft__test_8cpp_adc49b5a69e64611f421bbefee39a4d15_icgraph.pdf, id=2388, 197.738
75pt x 100.375pt>
File: fft__test_8cpp_adc49b5a69e64611f421bbefee39a4d15_icgraph.pdf Graphic file
 (type pdf)

<use fft__test_8cpp_adc49b5a69e64611f421bbefee39a4d15_icgraph.pdf>
Package pdftex.def Info: fft__test_8cpp_adc49b5a69e64611f421bbefee39a4d15_icgra
ph.pdf used on input line 109.
(pdftex.def)             Requested size: 197.0pt x 100.00102pt.

<fft__test_8cpp_a6234aee8acb83780e803805365617f36_cgraph.pdf, id=2391, 174.6525
pt x 100.375pt>
File: fft__test_8cpp_a6234aee8acb83780e803805365617f36_cgraph.pdf Graphic file 
(type pdf)

<use fft__test_8cpp_a6234aee8acb83780e803805365617f36_cgraph.pdf>
Package pdftex.def Info: fft__test_8cpp_a6234aee8acb83780e803805365617f36_cgrap
h.pdf used on input line 132.
(pdftex.def)             Requested size: 174.0pt x 100.00562pt.

<fft__test_8cpp_a6234aee8acb83780e803805365617f36_icgraph.pdf, id=2392, 183.686
25pt x 100.375pt>
File: fft__test_8cpp_a6234aee8acb83780e803805365617f36_icgraph.pdf Graphic file
 (type pdf)

<use fft__test_8cpp_a6234aee8acb83780e803805365617f36_icgraph.pdf>
Package pdftex.def Info: fft__test_8cpp_a6234aee8acb83780e803805365617f36_icgra
ph.pdf used on input line 144.
(pdftex.def)             Requested size: 183.0pt x 100.00716pt.

Underfull \vbox (badness 10000) has occurred while \output is active []

 [46 <./fft__test_8cpp_a22051cd252d576aec530227d32d95bdd_icgraph.pdf> <./fft__t
est_8cpp_adc49b5a69e64611f421bbefee39a4d15_icgraph.pdf

pdfTeX warning: pdflatex (file ./fft__test_8cpp_adc49b5a69e64611f421bbefee39a4d
15_icgraph.pdf): PDF inclusion: multiple pdfs with page group included in a sin
gle page
> <./fft__test_8cpp_a6234aee8acb83780e803805365617f36_cgraph.pdf

pdfTeX warning: pdflatex (file ./fft__test_8cpp_a6234aee8acb83780e803805365617f
36_cgraph.pdf): PDF inclusion: multiple pdfs with page group included in a sing
le page
>]
<fft__test_8cpp_ae66f6b31b5ad750f1fe042a706a4e3d4_cgraph.pdf, id=2418, 262.9825
pt x 157.58875pt>
File: fft__test_8cpp_ae66f6b31b5ad750f1fe042a706a4e3d4_cgraph.pdf Graphic file 
(type pdf)

<use fft__test_8cpp_ae66f6b31b5ad750f1fe042a706a4e3d4_cgraph.pdf>
Package pdftex.def Info: fft__test_8cpp_ae66f6b31b5ad750f1fe042a706a4e3d4_cgrap
h.pdf used on input line 167.
(pdftex.def)             Requested size: 262.0pt x 157.00642pt.
)
(./fft__test_8cpp_source.tex [47 <./fft__test_8cpp_a6234aee8acb83780e8038053656
17f36_icgraph.pdf> <./fft__test_8cpp_ae66f6b31b5ad750f1fe042a706a4e3d4_cgraph.p
df

pdfTeX warning: pdflatex (file ./fft__test_8cpp_ae66f6b31b5ad750f1fe042a706a4e3
d4_cgraph.pdf): PDF inclusion: multiple pdfs with page group included in a sing
le page
>]
Underfull \vbox (badness 10000) has occurred while \output is active []

 [48])
(./fft__test2_8cpp.tex
<fft__test2_8cpp__incl.pdf, id=2463, 273.02pt x 269.005pt>
File: fft__test2_8cpp__incl.pdf Graphic file (type pdf)

<use fft__test2_8cpp__incl.pdf>
Package pdftex.def Info: fft__test2_8cpp__incl.pdf used on input line 18.
(pdftex.def)             Requested size: 272.0pt x 268.01509pt.

Underfull \hbox (badness 10000) detected at line 31
[][][]
 []

[49 <./fft__test2_8cpp__incl.pdf>]
<fft__test2_8cpp_ae66f6b31b5ad750f1fe042a706a4e3d4_cgraph.pdf, id=2488, 419.567
5pt x 152.57pt>
File: fft__test2_8cpp_ae66f6b31b5ad750f1fe042a706a4e3d4_cgraph.pdf Graphic file
 (type pdf)

<use fft__test2_8cpp_ae66f6b31b5ad750f1fe042a706a4e3d4_cgraph.pdf>
Package pdftex.def Info: fft__test2_8cpp_ae66f6b31b5ad750f1fe042a706a4e3d4_cgra
ph.pdf used on input line 61.
(pdftex.def)             Requested size: 350.0pt x 127.27327pt.
)
(./fft__test2_8cpp_source.tex [50 <./fft__test2_8cpp_ae66f6b31b5ad750f1fe042a70
6a4e3d4_cgraph.pdf>]) (./Filter_8hpp.tex
<Filter_8hpp__incl.pdf, id=2511, 260.975pt x 212.795pt>
File: Filter_8hpp__incl.pdf Graphic file (type pdf)

<use Filter_8hpp__incl.pdf>
Package pdftex.def Info: Filter_8hpp__incl.pdf used on input line 17.
(pdftex.def)             Requested size: 260.0pt x 212.0022pt.

<Filter_8hpp__dep__incl.pdf, id=2512, 707.64375pt x 223.83624pt>
File: Filter_8hpp__dep__incl.pdf Graphic file (type pdf)

<use Filter_8hpp__dep__incl.pdf>
Package pdftex.def Info: Filter_8hpp__dep__incl.pdf used on input line 25.
(pdftex.def)             Requested size: 350.0pt x 110.70877pt.
 [51 <./Filter_8hpp__incl.pdf> <./Filter_8hpp__dep__incl.pdf

pdfTeX warning: pdflatex (file ./Filter_8hpp__dep__incl.pdf): PDF inclusion: mu
ltiple pdfs with page group included in a single page
>]
Underfull \hbox (badness 10000) detected at line 43
[][][]
 []

) (./Filter_8hpp_source.tex [52]) (./fvectors_8hpp.tex
<fvectors_8hpp__incl.pdf, id=2597, 210.7875pt x 212.795pt>
File: fvectors_8hpp__incl.pdf Graphic file (type pdf)

<use fvectors_8hpp__incl.pdf>
Package pdftex.def Info: fvectors_8hpp__incl.pdf used on input line 16.
(pdftex.def)             Requested size: 210.0pt x 212.00543pt.

<fvectors_8hpp__dep__incl.pdf, id=2598, 554.07pt x 223.83624pt>
File: fvectors_8hpp__dep__incl.pdf Graphic file (type pdf)

<use fvectors_8hpp__dep__incl.pdf>
Package pdftex.def Info: fvectors_8hpp__dep__incl.pdf used on input line 24.
(pdftex.def)             Requested size: 350.0pt x 141.39328pt.
 [53 <./fvectors_8hpp__incl.pdf> <./fvectors_8hpp__dep__incl.pdf

pdfTeX warning: pdflatex (file ./fvectors_8hpp__dep__incl.pdf): PDF inclusion: 
multiple pdfs with page group included in a single page
>]
Underfull \hbox (badness 10000) detected at line 46
[][][]
 []

) (./fvectors_8hpp_source.tex [54]) (./Gain_8hpp.tex
<Gain_8hpp__incl.pdf, id=2641, 237.88875pt x 212.795pt>
File: Gain_8hpp__incl.pdf Graphic file (type pdf)

<use Gain_8hpp__incl.pdf>
Package pdftex.def Info: Gain_8hpp__incl.pdf used on input line 16.
(pdftex.def)             Requested size: 237.0pt x 212.00868pt.

<Gain_8hpp__dep__incl.pdf, id=2642, 153.57375pt x 156.585pt>
File: Gain_8hpp__dep__incl.pdf Graphic file (type pdf)

<use Gain_8hpp__dep__incl.pdf>
Package pdftex.def Info: Gain_8hpp__dep__incl.pdf used on input line 24.
(pdftex.def)             Requested size: 153.0pt x 156.00879pt.

Underfull \vbox (badness 10000) has occurred while \output is active []

 [55 <./Gain_8hpp__incl.pdf>]
Underfull \hbox (badness 10000) detected at line 42
[][][]
 []

) (./Gain_8hpp_source.tex [56 <./Gain_8hpp__dep__incl.pdf>])
(./iq__test_8cpp.tex
<iq__test_8cpp__incl.pdf, id=2689, 394.47375pt x 269.005pt>
File: iq__test_8cpp__incl.pdf Graphic file (type pdf)

<use iq__test_8cpp__incl.pdf>
Package pdftex.def Info: iq__test_8cpp__incl.pdf used on input line 18.
(pdftex.def)             Requested size: 350.0pt x 238.67894pt.
 [57 <./iq__test_8cpp__incl.pdf>]
Underfull \hbox (badness 10000) detected at line 31
[][][]
 []


<iq__test_8cpp_ae66f6b31b5ad750f1fe042a706a4e3d4_cgraph.pdf, id=2709, 533.995pt
 x 138.5175pt>
File: iq__test_8cpp_ae66f6b31b5ad750f1fe042a706a4e3d4_cgraph.pdf Graphic file (
type pdf)

<use iq__test_8cpp_ae66f6b31b5ad750f1fe042a706a4e3d4_cgraph.pdf>
Package pdftex.def Info: iq__test_8cpp_ae66f6b31b5ad750f1fe042a706a4e3d4_cgraph
.pdf used on input line 59.
(pdftex.def)             Requested size: 350.0pt x 90.79196pt.
)
(./iq__test_8cpp_source.tex) (./lsb__filter__test_8cpp.tex
<lsb__filter__test_8cpp__incl.pdf, id=2721, 799.98875pt x 269.005pt>
File: lsb__filter__test_8cpp__incl.pdf Graphic file (type pdf)

<use lsb__filter__test_8cpp__incl.pdf>
Package pdftex.def Info: lsb__filter__test_8cpp__incl.pdf used on input line 19
.
(pdftex.def)             Requested size: 350.0pt x 117.6935pt.

Underfull \vbox (badness 5985) has occurred while \output is active []

 [58 <./iq__test_8cpp_ae66f6b31b5ad750f1fe042a706a4e3d4_cgraph.pdf>]
<lsb__filter__test_8cpp_a0ddf1224851353fc92bfbff6f499fa97_cgraph.pdf, id=2738, 
562.1pt x 214.8025pt>
File: lsb__filter__test_8cpp_a0ddf1224851353fc92bfbff6f499fa97_cgraph.pdf Graph
ic file (type pdf)

<use lsb__filter__test_8cpp_a0ddf1224851353fc92bfbff6f499fa97_cgraph.pdf>
Package pdftex.def Info: lsb__filter__test_8cpp_a0ddf1224851353fc92bfbff6f499fa
97_cgraph.pdf used on input line 49.
(pdftex.def)             Requested size: 350.0pt x 133.74976pt.
)
(./lsb__filter__test_8cpp_source.tex [59 <./lsb__filter__test_8cpp__incl.pdf> <
./lsb__filter__test_8cpp_a0ddf1224851353fc92bfbff6f499fa97_cgraph.pdf

pdfTeX warning: pdflatex (file ./lsb__filter__test_8cpp_a0ddf1224851353fc92bfbf
f6f499fa97_cgraph.pdf): PDF inclusion: multiple pdfs with page group included i
n a single page
>]) (./main_8cpp.tex <main_8cpp__incl.pdf, id=2785, 1045.9075pt x 325.215pt>
File: main_8cpp__incl.pdf Graphic file (type pdf)

<use main_8cpp__incl.pdf>
Package pdftex.def Info: main_8cpp__incl.pdf used on input line 25.
(pdftex.def)             Requested size: 350.0pt x 108.82983pt.

Underfull \vbox (badness 10000) has occurred while \output is active []

 [60]
Underfull \hbox (badness 10000) detected at line 38
[][][]
 []


<main_8cpp_a0ddf1224851353fc92bfbff6f499fa97_cgraph.pdf, id=2795, 634.37pt x 32
9.23pt>
File: main_8cpp_a0ddf1224851353fc92bfbff6f499fa97_cgraph.pdf Graphic file (type
 pdf)
 <use main_8cpp_a0ddf1224851353fc92bfbff6f499fa97_cgraph.pdf>
Package pdftex.def Info: main_8cpp_a0ddf1224851353fc92bfbff6f499fa97_cgraph.pdf
 used on input line 67.
(pdftex.def)             Requested size: 350.0pt x 181.64975pt.
)
(./main_8cpp_source.tex [61 <./main_8cpp__incl.pdf> <./main_8cpp_a0ddf122485135
3fc92bfbff6f499fa97_cgraph.pdf

pdfTeX warning: pdflatex (file ./main_8cpp_a0ddf1224851353fc92bfbff6f499fa97_cg
raph.pdf): PDF inclusion: multiple pdfs with page group included in a single pa
ge
>]
Underfull \vbox (badness 10000) has occurred while \output is active []

 [62])
(./mic__test_8cpp.tex
<mic__test_8cpp__incl.pdf, id=2862, 480.79625pt x 212.795pt>
File: mic__test_8cpp__incl.pdf Graphic file (type pdf)

<use mic__test_8cpp__incl.pdf>
Package pdftex.def Info: mic__test_8cpp__incl.pdf used on input line 19.
(pdftex.def)             Requested size: 350.0pt x 154.91045pt.

Underfull \hbox (badness 10000) detected at line 32
[][][]
 []

[63 <./mic__test_8cpp__incl.pdf>]) (./mic__test_8cpp_source.tex [64])
(./Modulator_8hpp.tex
<Modulator_8hpp__incl.pdf, id=2896, 619.31375pt x 269.005pt>
File: Modulator_8hpp__incl.pdf Graphic file (type pdf)

<use Modulator_8hpp__incl.pdf>
Package pdftex.def Info: Modulator_8hpp__incl.pdf used on input line 18.
(pdftex.def)             Requested size: 350.0pt x 152.03325pt.

<Modulator_8hpp__dep__incl.pdf, id=2897, 289.08pt x 156.585pt>
File: Modulator_8hpp__dep__incl.pdf Graphic file (type pdf)

<use Modulator_8hpp__dep__incl.pdf>
Package pdftex.def Info: Modulator_8hpp__dep__incl.pdf used on input line 26.
(pdftex.def)             Requested size: 288.0pt x 156.00879pt.

Underfull \vbox (badness 10000) has occurred while \output is active []

 [65 <./Modulator_8hpp__incl.pdf>]) (./Modulator_8hpp_source.tex [66 <./Modulat
or_8hpp__dep__incl.pdf>]
Underfull \vbox (badness 10000) has occurred while \output is active []

 [67])
(./modulator__test_8cpp.tex
<modulator__test_8cpp__incl.pdf, id=3008, 1025.8325pt x 325.215pt>
File: modulator__test_8cpp__incl.pdf Graphic file (type pdf)

<use modulator__test_8cpp__incl.pdf>
Package pdftex.def Info: modulator__test_8cpp__incl.pdf used on input line 22.
(pdftex.def)             Requested size: 350.0pt x 110.9587pt.

Underfull \hbox (badness 10000) detected at line 35
[][][]
 []


<modulator__test_8cpp_a0ddf1224851353fc92bfbff6f499fa97_cgraph.pdf, id=3015, 63
4.37pt x 252.945pt>
File: modulator__test_8cpp_a0ddf1224851353fc92bfbff6f499fa97_cgraph.pdf Graphic
 file (type pdf)

<use modulator__test_8cpp_a0ddf1224851353fc92bfbff6f499fa97_cgraph.pdf>
Package pdftex.def Info: modulator__test_8cpp_a0ddf1224851353fc92bfbff6f499fa97
_cgraph.pdf used on input line 66.
(pdftex.def)             Requested size: 350.0pt x 139.56017pt.

[68 <./modulator__test_8cpp__incl.pdf>]) (./modulator__test_8cpp_source.tex)
(./multi__sinusoid__test_8cpp.tex [69 <./modulator__test_8cpp_a0ddf1224851353fc
92bfbff6f499fa97_cgraph.pdf>]
<multi__sinusoid__test_8cpp__incl.pdf, id=3067, 697.60625pt x 280.04625pt>
File: multi__sinusoid__test_8cpp__incl.pdf Graphic file (type pdf)

<use multi__sinusoid__test_8cpp__incl.pdf>
Package pdftex.def Info: multi__sinusoid__test_8cpp__incl.pdf used on input lin
e 24.
(pdftex.def)             Requested size: 350.0pt x 140.50563pt.

Underfull \hbox (badness 10000) detected at line 37
[][][]
 []


<multi__sinusoid__test_8cpp_a0ddf1224851353fc92bfbff6f499fa97_cgraph.pdf, id=30
73, 562.1pt x 176.66pt>
File: multi__sinusoid__test_8cpp_a0ddf1224851353fc92bfbff6f499fa97_cgraph.pdf G
raphic file (type pdf)

<use multi__sinusoid__test_8cpp_a0ddf1224851353fc92bfbff6f499fa97_cgraph.pdf>
Package pdftex.def Info: multi__sinusoid__test_8cpp_a0ddf1224851353fc92bfbff6f4
99fa97_cgraph.pdf used on input line 66.
(pdftex.def)             Requested size: 350.0pt x 109.99979pt.

[70 <./multi__sinusoid__test_8cpp__incl.pdf>])
(./multi__sinusoid__test_8cpp_source.tex) (./piped__test_8cpp.tex [71 <./multi_
_sinusoid__test_8cpp_a0ddf1224851353fc92bfbff6f499fa97_cgraph.pdf>]
<piped__test_8cpp__incl.pdf, id=3120, 532.99126pt x 269.005pt>
File: piped__test_8cpp__incl.pdf Graphic file (type pdf)

<use piped__test_8cpp__incl.pdf>
Package pdftex.def Info: piped__test_8cpp__incl.pdf used on input line 20.
(pdftex.def)             Requested size: 350.0pt x 176.65312pt.

Underfull \hbox (badness 10000) detected at line 33
[][][]
 []


<piped__test_8cpp_ae66f6b31b5ad750f1fe042a706a4e3d4_cgraph.pdf, id=3126, 533.99
5pt x 138.5175pt>
File: piped__test_8cpp_ae66f6b31b5ad750f1fe042a706a4e3d4_cgraph.pdf Graphic fil
e (type pdf)

<use piped__test_8cpp_ae66f6b31b5ad750f1fe042a706a4e3d4_cgraph.pdf>
Package pdftex.def Info: piped__test_8cpp_ae66f6b31b5ad750f1fe042a706a4e3d4_cgr
aph.pdf used on input line 61.
(pdftex.def)             Requested size: 350.0pt x 90.79196pt.

Underfull \vbox (badness 2302) has occurred while \output is active []

 [72 <./piped__test_8cpp__incl.pdf>]) (./piped__test_8cpp_source.tex)
(./pl__tone__test_8cpp.tex
<pl__tone__test_8cpp__incl.pdf, id=3154, 757.83125pt x 325.215pt>
File: pl__tone__test_8cpp__incl.pdf Graphic file (type pdf)

<use pl__tone__test_8cpp__incl.pdf>
Package pdftex.def Info: pl__tone__test_8cpp__incl.pdf used on input line 23.
(pdftex.def)             Requested size: 350.0pt x 150.20116pt.

Underfull \vbox (badness 10000) has occurred while \output is active []

 [73 <./piped__test_8cpp_ae66f6b31b5ad750f1fe042a706a4e3d4_cgraph.pdf>]
Underfull \hbox (badness 10000) detected at line 36
[][][]
 []


<pl__tone__test_8cpp_a0ddf1224851353fc92bfbff6f499fa97_cgraph.pdf, id=3171, 590
.205pt x 176.66pt>
File: pl__tone__test_8cpp_a0ddf1224851353fc92bfbff6f499fa97_cgraph.pdf Graphic 
file (type pdf)

<use pl__tone__test_8cpp_a0ddf1224851353fc92bfbff6f499fa97_cgraph.pdf>
Package pdftex.def Info: pl__tone__test_8cpp_a0ddf1224851353fc92bfbff6f499fa97_
cgraph.pdf used on input line 65.
(pdftex.def)             Requested size: 350.0pt x 104.76222pt.
)
(./pl__tone__test_8cpp_source.tex [74 <./pl__tone__test_8cpp__incl.pdf> <./pl__
tone__test_8cpp_a0ddf1224851353fc92bfbff6f499fa97_cgraph.pdf

pdfTeX warning: pdflatex (file ./pl__tone__test_8cpp_a0ddf1224851353fc92bfbff6f
499fa97_cgraph.pdf): PDF inclusion: multiple pdfs with page group included in a
 single page
>]) (./PlTone_8hpp.tex
<PlTone_8hpp__incl.pdf, id=3209, 306.14375pt x 269.005pt>
File: PlTone_8hpp__incl.pdf Graphic file (type pdf)

<use PlTone_8hpp__incl.pdf>
Package pdftex.def Info: PlTone_8hpp__incl.pdf used on input line 16.
(pdftex.def)             Requested size: 305.0pt x 268.01509pt.

Underfull \vbox (badness 10000) has occurred while \output is active []

 [75]
<PlTone_8hpp__dep__incl.pdf, id=3215, 412.54124pt x 156.585pt>
File: PlTone_8hpp__dep__incl.pdf Graphic file (type pdf)

<use PlTone_8hpp__dep__incl.pdf>
Package pdftex.def Info: PlTone_8hpp__dep__incl.pdf used on input line 24.
(pdftex.def)             Requested size: 350.0pt x 132.84938pt.
 [76 <./PlTone_8hpp__incl.pdf> <./PlTone_8hpp__dep__incl.pdf

pdfTeX warning: pdflatex (file ./PlTone_8hpp__dep__incl.pdf): PDF inclusion: mu
ltiple pdfs with page group included in a single page
>]
Underfull \hbox (badness 10000) detected at line 42
[][][]
 []

) (./PlTone_8hpp_source.tex) (./Sinusoid_8hpp.tex
<Sinusoid_8hpp__incl.pdf, id=3270, 302.12875pt x 212.795pt>
File: Sinusoid_8hpp__incl.pdf Graphic file (type pdf)

<use Sinusoid_8hpp__incl.pdf>
Package pdftex.def Info: Sinusoid_8hpp__incl.pdf used on input line 17.
(pdftex.def)             Requested size: 301.0pt x 211.99895pt.

Underfull \vbox (badness 10000) has occurred while \output is active []

 [77]
<Sinusoid_8hpp__dep__incl.pdf, id=3276, 898.35625pt x 223.83624pt>
File: Sinusoid_8hpp__dep__incl.pdf Graphic file (type pdf)

<use Sinusoid_8hpp__dep__incl.pdf>
Package pdftex.def Info: Sinusoid_8hpp__dep__incl.pdf used on input line 25.
(pdftex.def)             Requested size: 350.0pt x 87.20697pt.

Underfull \hbox (badness 10000) detected at line 43
[][][]
 []

) (./Sinusoid_8hpp_source.tex [78 <./Sinusoid_8hpp__incl.pdf> <./Sinusoid_8hpp_
_dep__incl.pdf

pdfTeX warning: pdflatex (file ./Sinusoid_8hpp__dep__incl.pdf): PDF inclusion: 
multiple pdfs with page group included in a single page
>]) (./sinusoid__test_8cpp.tex
<sinusoid__test_8cpp__incl.pdf, id=3368, 621.32124pt x 269.005pt>
File: sinusoid__test_8cpp__incl.pdf Graphic file (type pdf)

<use sinusoid__test_8cpp__incl.pdf>
Package pdftex.def Info: sinusoid__test_8cpp__incl.pdf used on input line 22.
(pdftex.def)             Requested size: 350.0pt x 151.53247pt.

Underfull \vbox (badness 10000) has occurred while \output is active []

 [79]
Underfull \hbox (badness 10000) detected at line 35
[][][]
 []


<sinusoid__test_8cpp_a0ddf1224851353fc92bfbff6f499fa97_cgraph.pdf, id=3379, 562
.1pt x 176.66pt>
File: sinusoid__test_8cpp_a0ddf1224851353fc92bfbff6f499fa97_cgraph.pdf Graphic 
file (type pdf)

<use sinusoid__test_8cpp_a0ddf1224851353fc92bfbff6f499fa97_cgraph.pdf>
Package pdftex.def Info: sinusoid__test_8cpp_a0ddf1224851353fc92bfbff6f499fa97_
cgraph.pdf used on input line 64.
(pdftex.def)             Requested size: 350.0pt x 109.99979pt.

Underfull \vbox (badness 10000) has occurred while \output is active []

 [80 <./sinusoid__test_8cpp__incl.pdf>]) (./sinusoid__test_8cpp_source.tex)
(./usb__filter__test_8cpp.tex
<usb__filter__test_8cpp__incl.pdf, id=3412, 799.98875pt x 269.005pt>
File: usb__filter__test_8cpp__incl.pdf Graphic file (type pdf)

<use usb__filter__test_8cpp__incl.pdf>
Package pdftex.def Info: usb__filter__test_8cpp__incl.pdf used on input line 19
.
(pdftex.def)             Requested size: 350.0pt x 117.6935pt.
 [81 <./sinusoid__test_8cpp_a0ddf1224851353fc92bfbff6f499fa97_cgraph.pdf>]
<usb__filter__test_8cpp_a0ddf1224851353fc92bfbff6f499fa97_cgraph.pdf, id=3427, 
562.1pt x 214.8025pt>
File: usb__filter__test_8cpp_a0ddf1224851353fc92bfbff6f499fa97_cgraph.pdf Graph
ic file (type pdf)

<use usb__filter__test_8cpp_a0ddf1224851353fc92bfbff6f499fa97_cgraph.pdf>
Package pdftex.def Info: usb__filter__test_8cpp_a0ddf1224851353fc92bfbff6f499fa
97_cgraph.pdf used on input line 49.
(pdftex.def)             Requested size: 350.0pt x 133.74976pt.
)
(./usb__filter__test_8cpp_source.tex [82 <./usb__filter__test_8cpp__incl.pdf> <
./usb__filter__test_8cpp_a0ddf1224851353fc92bfbff6f499fa97_cgraph.pdf

pdfTeX warning: pdflatex (file ./usb__filter__test_8cpp_a0ddf1224851353fc92bfbf
f6f499fa97_cgraph.pdf): PDF inclusion: multiple pdfs with page group included i
n a single page
>]) (./zdomain_8hpp.tex
<zdomain_8hpp__incl.pdf, id=3475, 215.80624pt x 212.795pt>
File: zdomain_8hpp__incl.pdf Graphic file (type pdf)

<use zdomain_8hpp__incl.pdf>
Package pdftex.def Info: zdomain_8hpp__incl.pdf used on input line 16.
(pdftex.def)             Requested size: 215.0pt x 212.00543pt.

<zdomain_8hpp__dep__incl.pdf, id=3476, 1280.785pt x 223.83624pt>
File: zdomain_8hpp__dep__incl.pdf Graphic file (type pdf)

<use zdomain_8hpp__dep__incl.pdf>
Package pdftex.def Info: zdomain_8hpp__dep__incl.pdf used on input line 24.
(pdftex.def)             Requested size: 350.0pt x 61.1675pt.

Underfull \vbox (badness 10000) has occurred while \output is active []

 [83 <./zdomain_8hpp__incl.pdf>]
Underfull \hbox (badness 10000) detected at line 50
[][][]
 []

) (./zdomain_8hpp_source.tex [84 <./zdomain_8hpp__dep__incl.pdf>]
Underfull \vbox (badness 10000) has occurred while \output is active []

 [85])
[86] (./refman.ind [87

])
Package atveryend Info: Empty hook `BeforeClearDocument' on input line 236.
Package atveryend Info: Empty hook `AfterLastShipout' on input line 236.
 (./refman.aux)
Package atveryend Info: Executing hook `AtVeryEndDocument' on input line 236.
Package atveryend Info: Executing hook `AtEndAfterFileList' on input line 236.
Package rerunfilecheck Info: File `refman.out' has not changed.
(rerunfilecheck)             Checksum: 3F550D44F06C0E119BEA5227A071FCF3;42413.


LaTeX Font Warning: Some font shapes were not available, defaults substituted.

Package atveryend Info: Empty hook `AtVeryVeryEnd' on input line 236.
 ) 
Here is how much of TeX's memory you used:
 13923 strings out of 495020
 214853 string characters out of 6181325
 271624 words of memory out of 5000000
 16057 multiletter control sequences out of 15000+600000
 91992 words of font info for 121 fonts, out of 8000000 for 9000
 14 hyphenation exceptions out of 8191
 48i,17n,43p,2067b,510s stack positions out of 5000i,500n,10000p,200000b,80000s
pdfTeX warning (dest): name{namespacelolz} has been referenced but does not e
xist, replaced by a fixed one

pdfTeX warning (dest): name{namespacestd} has been referenced but does not exis
t, replaced by a fixed one

{/usr/share/texlive/texmf-dist/fonts/enc/dvips/base/8r.enc}</usr/share/texlive/
texmf-dist/fonts/type1/public/amsfonts/cm/cmmi10.pfb></usr/share/texlive/texmf-
dist/fonts/type1/public/amsfonts/cm/cmsy10.pfb></usr/share/texlive/texmf-dist/f
onts/type1/urw/courier/ucrr8a.pfb></usr/share/texlive/texmf-dist/fonts/type1/ur
w/helvetic/uhvb8a.pfb></usr/share/texlive/texmf-dist/fonts/type1/urw/helvetic/u
hvb8ac.pfb></usr/share/texlive/texmf-dist/fonts/type1/urw/helvetic/uhvbo8a.pfb>
</usr/share/texlive/texmf-dist/fonts/type1/urw/helvetic/uhvbo8ac.pfb></usr/shar
e/texlive/texmf-dist/fonts/type1/urw/helvetic/uhvr8a.pfb></usr/share/texlive/te
xmf-dist/fonts/type1/urw/helvetic/uhvro8a.pfb>
Output written on refman.pdf (97 pages, 491880 bytes).
PDF statistics:
 3818 PDF objects out of 4296 (max. 8388607)
 3530 compressed objects within 36 object streams
 613 named destinations out of 1000 (max. 500000)
 2175 words of extra memory for PDF output out of 10000 (max. 10000000)

